<?xml version="1.0" encoding="utf-8"?>
<bugrepository name="ROO">
	<bug fixdate="2010-08-17 18:30:55" id="1222" opendate="2010-08-17 00:36:51" resolution="Fixed">
		
		
		<buginformation>
			
			
			<summary>projectOperations.addPlugin adds empty &lt;id/&gt; and &lt;phase/&gt; tags per default which let maven ignore the build plugin</summary>
			
			
			<description>when updating maven build plugin the configuration element adds some invalid maven markup, so that maven ignores the build plugin:
empty tags (id, phase) are invalid:
                    &amp;lt;execution&amp;gt;
                        &amp;lt;id/&amp;gt;
                        &amp;lt;phase/&amp;gt;
                        &amp;lt;goals&amp;gt;
                            &amp;lt;goal&amp;gt;compile&amp;lt;/goal&amp;gt;
                            &amp;lt;goal&amp;gt;test-compile&amp;lt;/goal&amp;gt;
                        &amp;lt;/goals&amp;gt;
                    &amp;lt;/execution&amp;gt;
Patch: MavenProjectMetadataProvider
                final String id = execution.getId();
                if (id !=null &amp;amp;&amp;amp; !id.isEmpty()) 
{
                Element executionId = document.createElement(&quot;id&quot;);
                executionId.setTextContent(id);
                executionElement.appendChild(executionId);
                }
                final String phase = execution.getPhase();
                if (phase!=null &amp;amp;&amp;amp; !phase.isEmpty()) 
{
                Element executionPhase = document.createElement(&quot;phase&quot;);
                executionPhase.setTextContent(phase);
                executionElement.appendChild(executionPhase);
                }
 </description>
			
			
			<version>1.1.0.M3</version>
			
			
			<fixedVersion>1.1.0.M3</fixedVersion>
			
			
			<type>Bug</type>
			
		
		</buginformation>
		
		
		<fixedFiles>
			
			
			<file type="M">org.springframework.roo.addon.maven.MavenProjectMetadataProvider.java</file>
			
		
		</fixedFiles>
		
	
	</bug>
	<bug fixdate="2010-08-24 19:45:44" id="1260" opendate="2010-08-24 10:18:09" resolution="Fixed">
		
		
		<buginformation>
			
			
			<summary>addon-gwt cannot handle enums or booleans</summary>
			
			
			<description/>
			
			
			<version>1.1.0.M3</version>
			
			
			<fixedVersion>1.1.0.RC1</fixedVersion>
			
			
			<type>Bug</type>
			
		
		</buginformation>
		
		
		<fixedFiles>
			
			
			<file type="M">org.springframework.roo.addon.gwt.GwtMetadata.java</file>
			
			
			<file type="M">org.springframework.roo.addon.gwt.GwtPath.java</file>
			
			
			<file type="M">org.springframework.roo.addon.gwt.GwtMetadataProvider.java</file>
			
			
			<file type="M">org.springframework.roo.addon.gwt.GwtOperationsImpl.java</file>
			
		
		</fixedFiles>
		
	
	</bug>
	<bug fixdate="2010-08-25 17:04:32" id="1273" opendate="2010-08-25 11:31:17" resolution="Complete">
		
		
		<buginformation>
			
			
			<summary>database reverse engineer w/ MySQL and foreign keys across multiple schemas/catalogs</summary>
			
			
			<description>I just tried the new database reverse engineer functionality with an existing MySQL database which has got multiple catalogs (as MySQL doesn&amp;amp;apos;t support schemas). There are various tables with foreign key relation to tables in other catalogs.
When trying to run &quot;database reverse engineer&quot; it always ends with &quot;NullPointerException at  org.springframework.roo.addon.dbre.DbreMetadata.addManyToOneFields(DbreMetadata.java:235)&quot; (see an example run below)
de.st.db.model roo&amp;gt; database reverse engineer --package de.st.db.model --schema CM
Managed SRC_MAIN_RESOURCES\META-INF\spring\dbre.xml
Created SRC_MAIN_JAVA\de\st\db\model
Created SRC_MAIN_JAVA\de\st\db\model\CmBillContracts.java
Created de.st.db.model.CmBillContracts
Created SRC_MAIN_JAVA\de\st\db\model\CmBillInvoices.java
Created de.st.db.model.CmBillInvoices
Created SRC_MAIN_JAVA\de\st\db\model\CmBillInvoiceItems.java
Created de.st.db.model.CmBillInvoiceItems
Created SRC_MAIN_JAVA\de\st\db\model\CmBillInvoiceItemTypes.java
Created de.st.db.model.CmBillInvoiceItemTypes
Created SRC_MAIN_JAVA\de\st\db\model\CmBillRates.java
Created de.st.db.model.CmBillRates
Created SRC_MAIN_JAVA\de\st\db\model\CmBillServices.java
Created de.st.db.model.CmBillServices
Created SRC_MAIN_JAVA\de\st\db\model\CmCallCalls.java
Created de.st.db.model.CmCallCalls
Created SRC_MAIN_JAVA\de\st\db\model\CmCallPhoneLines.java
Created de.st.db.model.CmCallPhoneLines
Created SRC_MAIN_JAVA\de\st\db\model\CmCallPhoneLineTypes.java
Created de.st.db.model.CmCallPhoneLineTypes
Created SRC_MAIN_JAVA\de\st\db\model\CmCtctAddresses.java
Created de.st.db.model.CmCtctAddresses
Created SRC_MAIN_JAVA\de\st\db\model\CmCtctAddressCities.java
Created de.st.db.model.CmCtctAddressCities
Created SRC_MAIN_JAVA\de\st\db\model\CmCtctAddressLocations.java
Created de.st.db.model.CmCtctAddressLocations
Created SRC_MAIN_JAVA\de\st\db\model\CmCtctAddressStreets.java
Created de.st.db.model.CmCtctAddressStreets
Created SRC_MAIN_JAVA\de\st\db\model\CmCtctCommunicationMeanTypes.java
Created de.st.db.model.CmCtctCommunicationMeanTypes
Created SRC_MAIN_JAVA\de\st\db\model\CmCtctEmailAddresses.java
Created de.st.db.model.CmCtctEmailAddresses
Created SRC_MAIN_JAVA\de\st\db\model\CmCtctEmailPrefixes.java
Created de.st.db.model.CmCtctEmailPrefixes
Created SRC_MAIN_JAVA\de\st\db\model\CmCtctGroups.java
Created de.st.db.model.CmCtctGroups
Created SRC_MAIN_JAVA\de\st\db\model\CmCtctGroupOwners.java
Created de.st.db.model.CmCtctGroupOwners
Created SRC_MAIN_JAVA\de\st\db\model\CmCtctNamesFirst.java
Created de.st.db.model.CmCtctNamesFirst
Created SRC_MAIN_JAVA\de\st\db\model\CmCtctNamesFirstCountries.java
Created de.st.db.model.CmCtctNamesFirstCountries
Created SRC_MAIN_JAVA\de\st\db\model\CmCtctNamesLast.java
Created de.st.db.model.CmCtctNamesLast
Created SRC_MAIN_JAVA\de\st\db\model\CmCtctPersons.java
Created de.st.db.model.CmCtctPersons
Created SRC_MAIN_JAVA\de\st\db\model\CmCtctPersonEmailAddresses.java
Created de.st.db.model.CmCtctPersonEmailAddresses
Created SRC_MAIN_JAVA\de\st\db\model\CmCtctPersonGroups.java
Created de.st.db.model.CmCtctPersonGroups
Created SRC_MAIN_JAVA\de\st\db\model\CmCtctPersonPhoneNos.java
Created de.st.db.model.CmCtctPersonPhoneNos
Created SRC_MAIN_JAVA\de\st\db\model\CmCtctPersonRelations.java
Created de.st.db.model.CmCtctPersonRelations
Created SRC_MAIN_JAVA\de\st\db\model\CmCtctPhoneAreaCodes.java
Created de.st.db.model.CmCtctPhoneAreaCodes
Created SRC_MAIN_JAVA\de\st\db\model\CmCtctPhoneNos.java
Created de.st.db.model.CmCtctPhoneNos
Created SRC_MAIN_JAVA\de\st\db\model\CmCtctRelations.java
Created de.st.db.model.CmCtctRelations
Created SRC_MAIN_JAVA\de\st\db\model\CmCtctSuperGroups.java
Created de.st.db.model.CmCtctSuperGroups
Created SRC_MAIN_JAVA\de\st\db\model\CmCtctSuperGroupGroups.java
Created de.st.db.model.CmCtctSuperGroupGroups
Created SRC_MAIN_JAVA\de\st\db\model\CmCtctTapirexCache.java
Created de.st.db.model.CmCtctTapirexCache
Created SRC_MAIN_JAVA\de\st\db\model\CmCtctTitles.java
Created de.st.db.model.CmCtctTitles
Created SRC_MAIN_JAVA\de\st\db\model\CmLocsCommunities.java
Created de.st.db.model.CmLocsCommunities
Created SRC_MAIN_JAVA\de\st\db\model\CmLocsCounties.java
Created de.st.db.model.CmLocsCounties
Created SRC_MAIN_JAVA\de\st\db\model\CmLocsCountries.java
Created de.st.db.model.CmLocsCountries
Created SRC_MAIN_JAVA\de\st\db\model\CmLocsDistricts.java
Created de.st.db.model.CmLocsDistricts
Created SRC_MAIN_JAVA\de\st\db\model\CmLocsMunicipalities.java
Created de.st.db.model.CmLocsMunicipalities
Created SRC_MAIN_JAVA\de\st\db\model\CmLocsNames.java
Created de.st.db.model.CmLocsNames
Created SRC_MAIN_JAVA\de\st\db\model\CmLocsNamesLang.java
Created de.st.db.model.CmLocsNamesLang
Created SRC_MAIN_JAVA\de\st\db\model\CmLocsOfficialMunicipalityKey.java
Created de.st.db.model.CmLocsOfficialMunicipalityKey
Created SRC_MAIN_JAVA\de\st\db\model\CmLocsStates.java
Created de.st.db.model.CmLocsStates
Created SRC_MAIN_JAVA\de\st\db\model\CmBillContracts_Roo_Entity.aj
Created SRC_MAIN_JAVA\de\st\db\model\CmBillInvoices_Roo_Entity.aj
Undo create SRC_MAIN_JAVA\de\st\db\model\CmBillInvoices_Roo_Entity.aj
Undo create SRC_MAIN_JAVA\de\st\db\model\CmBillContracts_Roo_Entity.aj
Undo create SRC_MAIN_JAVA\de\st\db\model\CmLocsStates.java
Undo create SRC_MAIN_JAVA\de\st\db\model\CmLocsOfficialMunicipalityKey.java
Undo create SRC_MAIN_JAVA\de\st\db\model\CmLocsNamesLang.java
Undo create SRC_MAIN_JAVA\de\st\db\model\CmLocsNames.java
Undo create SRC_MAIN_JAVA\de\st\db\model\CmLocsMunicipalities.java
Undo create SRC_MAIN_JAVA\de\st\db\model\CmLocsDistricts.java
Undo create SRC_MAIN_JAVA\de\st\db\model\CmLocsCountries.java
Undo create SRC_MAIN_JAVA\de\st\db\model\CmLocsCounties.java
Undo create SRC_MAIN_JAVA\de\st\db\model\CmLocsCommunities.java
Undo create SRC_MAIN_JAVA\de\st\db\model\CmCtctTitles.java
Undo create SRC_MAIN_JAVA\de\st\db\model\CmCtctTapirexCache.java
Undo create SRC_MAIN_JAVA\de\st\db\model\CmCtctSuperGroupGroups.java
Undo create SRC_MAIN_JAVA\de\st\db\model\CmCtctSuperGroups.java
Undo create SRC_MAIN_JAVA\de\st\db\model\CmCtctRelations.java
Undo create SRC_MAIN_JAVA\de\st\db\model\CmCtctPhoneNos.java
Undo create SRC_MAIN_JAVA\de\st\db\model\CmCtctPhoneAreaCodes.java
Undo create SRC_MAIN_JAVA\de\st\db\model\CmCtctPersonRelations.java
Undo create SRC_MAIN_JAVA\de\st\db\model\CmCtctPersonPhoneNos.java
Undo create SRC_MAIN_JAVA\de\st\db\model\CmCtctPersonGroups.java
Undo create SRC_MAIN_JAVA\de\st\db\model\CmCtctPersonEmailAddresses.java
Undo create SRC_MAIN_JAVA\de\st\db\model\CmCtctPersons.java
Undo create SRC_MAIN_JAVA\de\st\db\model\CmCtctNamesLast.java
Undo create SRC_MAIN_JAVA\de\st\db\model\CmCtctNamesFirstCountries.java
Undo create SRC_MAIN_JAVA\de\st\db\model\CmCtctNamesFirst.java
Undo create SRC_MAIN_JAVA\de\st\db\model\CmCtctGroupOwners.java
Undo create SRC_MAIN_JAVA\de\st\db\model\CmCtctGroups.java
Undo create SRC_MAIN_JAVA\de\st\db\model\CmCtctEmailPrefixes.java
Undo create SRC_MAIN_JAVA\de\st\db\model\CmCtctEmailAddresses.java
Undo create SRC_MAIN_JAVA\de\st\db\model\CmCtctCommunicationMeanTypes.java
Undo create SRC_MAIN_JAVA\de\st\db\model\CmCtctAddressStreets.java
Undo create SRC_MAIN_JAVA\de\st\db\model\CmCtctAddressLocations.java
Undo create SRC_MAIN_JAVA\de\st\db\model\CmCtctAddressCities.java
Undo create SRC_MAIN_JAVA\de\st\db\model\CmCtctAddresses.java
Undo create SRC_MAIN_JAVA\de\st\db\model\CmCallPhoneLineTypes.java
Undo create SRC_MAIN_JAVA\de\st\db\model\CmCallPhoneLines.java
Undo create SRC_MAIN_JAVA\de\st\db\model\CmCallCalls.java
Undo create SRC_MAIN_JAVA\de\st\db\model\CmBillServices.java
Undo create SRC_MAIN_JAVA\de\st\db\model\CmBillRates.java
Undo create SRC_MAIN_JAVA\de\st\db\model\CmBillInvoiceItemTypes.java
Undo create SRC_MAIN_JAVA\de\st\db\model\CmBillInvoiceItems.java
Undo create SRC_MAIN_JAVA\de\st\db\model\CmBillInvoices.java
Undo create SRC_MAIN_JAVA\de\st\db\model\CmBillContracts.java
Undo create SRC_MAIN_JAVA\de\st\db\model
Undo manage SRC_MAIN_RESOURCES\META-INF\spring\dbre.xml
NullPointerException at org.springframework.roo.addon.dbre.DbreMetadata.addManyToOneFields(DbreMetadata.java:235)
From &quot;database introspect&quot; I also couldn&amp;amp;apos;t see any schema information inside for those foreign key relations, so it seems, that Roo currently cannot handle data across multiple schemas/catalogs.
I wouldn&amp;amp;apos;t like the idea to have to merge 250+ tables from separate schemas into one single schema, only to get Roo working.</description>
			
			
			<version>1.1.0.M3</version>
			
			
			<fixedVersion>1.1.0.RC1</fixedVersion>
			
			
			<type>Bug</type>
			
		
		</buginformation>
		
		
		<fixedFiles>
			
			
			<file type="M">org.springframework.roo.addon.dbre.DbreMetadata.java</file>
			
		
		</fixedFiles>
		
	
	</bug>
	<bug fixdate="2010-08-31 18:21:18" id="1339" opendate="2010-08-31 18:19:02" resolution="Complete">
		
		
		<buginformation>
			
			
			<summary>IdentifierMetadata not correctly handling short and char primitives in generated equals and hashCode methods</summary>
			
			
			<description/>
			
			
			<version>1.1.0.M3</version>
			
			
			<fixedVersion>1.1.0.RC1</fixedVersion>
			
			
			<type>Bug</type>
			
		
		</buginformation>
		
		
		<fixedFiles>
			
			
			<file type="M">org.springframework.roo.addon.entity.IdentifierMetadata.java</file>
			
		
		</fixedFiles>
		
	
	</bug>
	<bug fixdate="2010-09-01 18:02:22" id="1344" opendate="2010-09-01 17:56:52" resolution="Fixed">
		
		
		<buginformation>
			
			
			<summary>AutomaticProjectUpgradeService gives NPE if another bundle is missing</summary>
			
			
			<description>





02/09/2010 9:52:40 AM org.springframework.roo.felix.JdkDelegatingLogListener logNow




SEVERE: [org.springframework.roo.project [59]] [org.springframework.roo.project.AutomaticProjectUpgradeService] The activate method has thrown an exception




java.lang.NullPointerException




	at org.springframework.roo.project.AutomaticProjectUpgradeService.activate(AutomaticProjectUpgradeService.java:34)




	at sun.reflect.NativeMethodAccessorImpl.invoke0(Native Method)




	at sun.reflect.NativeMethodAccessorImpl.invoke(NativeMethodAccessorImpl.java:39)




	at sun.reflect.DelegatingMethodAccessorImpl.invoke(DelegatingMethodAccessorImpl.java:25)




	at java.lang.reflect.Method.invoke(Method.java:597)




	at org.apache.felix.scr.impl.helper.BaseMethod.invokeMethod(BaseMethod.java:213)




	at org.apache.felix.scr.impl.helper.BaseMethod.access$500(BaseMethod.java:38)




	at org.apache.felix.scr.impl.helper.BaseMethod$Resolved.invoke(BaseMethod.java:542)




	at org.apache.felix.scr.impl.helper.BaseMethod.invoke(BaseMethod.java:434)




	at org.apache.felix.scr.impl.helper.ActivateMethod.invoke(ActivateMethod.java:138)




	at org.apache.felix.scr.impl.manager.ImmediateComponentManager.createImplementationObject(ImmediateComponentManager.java:226)




	at org.apache.felix.scr.impl.manager.ImmediateComponentManager.createComponent(ImmediateComponentManager.java:118)




	at org.apache.felix.scr.impl.manager.AbstractComponentManager$Unsatisfied.activate(AbstractComponentManager.java:991)




	at org.apache.felix.scr.impl.manager.AbstractComponentManager.activateInternal(AbstractComponentManager.java:298)




	at org.apache.felix.scr.impl.manager.AbstractComponentManager$3.doRun(AbstractComponentManager.java:505)




	at org.apache.felix.scr.impl.ComponentActivatorTask.run(ComponentActivatorTask.java:67)




	at org.apache.felix.scr.impl.ComponentActorThread.run(ComponentActorThread.java:96)




	at java.lang.Thread.run(Thread.java:619)





</description>
			
			
			<version>1.1.0.M3</version>
			
			
			<fixedVersion>1.1.0.RC1</fixedVersion>
			
			
			<type>Bug</type>
			
		
		</buginformation>
		
		
		<fixedFiles>
			
			
			<file type="M">org.springframework.roo.project.AutomaticProjectUpgradeService.java</file>
			
		
		</fixedFiles>
		
		
		<links>
			
			
			<link description="is related to" type="Related">264</link>
			
		
		</links>
		
	
	</bug>
	<bug fixdate="2010-09-02 23:53:07" id="1351" opendate="2010-09-02 23:12:51" resolution="Complete">
		
		
		<buginformation>
			
			
			<summary>Maven dependency not added to project&amp;apos;s pom.xml when the jdbc driver is used for more than one database</summary>
			
			
			<description>When executing the &quot;persistence setup&quot; command, the maven dependency for the selected --database is removed if the JDBC driver is the same for more than one database provider. For example, MS SQL and Sybase use the same driver, jTDS. </description>
			
			
			<version>1.1.0.M3</version>
			
			
			<fixedVersion>1.1.0.RC1</fixedVersion>
			
			
			<type>Bug</type>
			
		
		</buginformation>
		
		
		<fixedFiles>
			
			
			<file type="M">org.springframework.roo.project.Dependency.java</file>
			
			
			<file type="M">org.springframework.roo.addon.jpa.JpaOperationsImpl.java</file>
			
		
		</fixedFiles>
		
	
	</bug>
	<bug fixdate="2010-09-17 08:33:33" id="1385" opendate="2010-09-10 14:31:17" resolution="Duplicate">
		
		
		<buginformation>
			
			
			<summary>Exception while creating roo addon </summary>
			
			
			<description>I am trying to create a simple addon using the script provided with the roo 1.1.0M3 zip but I am getting this error 
Could not locate &amp;amp;apos;/org/springframework/roo/addon/creator/simple\roo-addon-simple-template.xml&amp;amp;apos; in classloader
Script execution aborted
Can anybody please help me solve this problem?</description>
			
			
			<version>1.1.0.M3</version>
			
			
			<fixedVersion>1.1.0.RC1</fixedVersion>
			
			
			<type>Bug</type>
			
		
		</buginformation>
		
		
		<fixedFiles>
			
			
			<file type="M">org.springframework.roo.addon.creator.CreatorOperationsImpl.java</file>
			
		
		</fixedFiles>
		
		
		<links>
			
			
			<link description="is duplicated by" type="Duplicate">1415</link>
			
		
		</links>
		
	
	</bug>
	<bug fixdate="2010-09-17 15:06:11" id="1404" opendate="2010-09-16 06:45:53" resolution="Complete">
		
		
		<buginformation>
			
			
			<summary>Roo source code does not compile with Java 5</summary>
			
			
			<description>
Compilation failure
classpath/src/main/java/org/springframework/roo/classpath/operations/HintOperationsImpl.java:[64,44]
cannot find symbol
symbol  : method keySet()
location: class java.util.ResourceBundle
keySet method is available since 1.6 version
 http://download.oracle.com/javase/6/docs/api/java/util/ResourceBundle.html</description>
			
			
			<version>1.1.0.M3</version>
			
			
			<fixedVersion>1.1.0.RC1</fixedVersion>
			
			
			<type>Bug</type>
			
		
		</buginformation>
		
		
		<fixedFiles>
			
			
			<file type="M">org.springframework.roo.classpath.operations.HintOperationsImpl.java</file>
			
		
		</fixedFiles>
		
	
	</bug>
	<bug fixdate="2010-09-18 19:24:06" id="1418" opendate="2010-09-18 10:12:37" resolution="Complete">
		
		
		<buginformation>
			
			
			<summary>Max size of a string field causing test integration to fail</summary>
			
			
			<description>There seems to be an issue with the test data generated for the Integration Tests used with &amp;amp;apos;perform tests&amp;amp;apos;.
Steps to reproduce:
1. Modify clinic.roo, change AbstractPersion firstName maxSize to 19
2. run the script
3. run perform tests
Build Failure occurrs
[Thread-8] Tests in error:
[Thread-8]   testPersist(com.springsource.petclinic.domain.OwnerIntegrationTest)
[Thread-8]   testPersist(com.springsource.petclinic.domain.VetIntegrationTest)
From what I have been able to figure, it has something to do with how the test data is being created.  The data it&amp;amp;apos;s using to put in the firstName field is causing the error.
It also seems to be dependant on the size of the field name.  So 19 causes the issue, 20 doesn&amp;amp;apos;t, but if you remove a character from the fieldName you can get 19 to work.
i.e. max=19, field name =firstNam (removed one character to make the field name shorter)
Now it starts failing at max=18 and works at max=19.
Same the other way, if you add a charater to the field name, it starts failing at 20 (i.e. max=19, field name = firstName1)
So I assume there is some test data function that is using the field name and is creating test data that is bigger than the max field size.
Seems to be creating data field name size + 11 and the error occurs when field name is greater than max-11
So end result name of a string field can&amp;amp;apos;t be more than max size of field - 11, and
setting --sizeMax &amp;lt; 12 will never allow the integration tests to pass successfully.
I included a couple modified clinic.roo scripts that show the error.
clinic-test1-fail.roo - set the max size of the firstName field to 19
clinic-test1-success.roo - reduce the size of the fieldName by one to firstNam
clinic-test2-fail.roo - increase the size of the fieldName by one to firstName1
clinic-test3-fail.roo - add new string field with long fieldName and short maxSize (personCode --sizeMax 3)
clinic-test4-success.roo - add new string field with short fieldName &amp;amp;apos;a&amp;amp;apos; and maxSize 12
clinic-test4-fail.roo - add new string field with short fieldName &amp;amp;apos;a&amp;amp;apos; and maxSize 11</description>
			
			
			<version>1.1.0.M3</version>
			
			
			<fixedVersion>1.1.0.RC1</fixedVersion>
			
			
			<type>Bug</type>
			
		
		</buginformation>
		
		
		<fixedFiles>
			
			
			<file type="M">org.springframework.roo.addon.dod.DataOnDemandMetadata.java</file>
			
		
		</fixedFiles>
		
	
	</bug>
	<bug fixdate="2010-09-22 09:00:36" id="1415" opendate="2010-09-17 02:30:37" resolution="Fixed">
		
		
		<buginformation>
			
			
			<summary>Addon create fails on Windows platform</summary>
			
			
			<description>Command addon create advance --topLevelPackage test and addon create simple --topLevelPackage test fails on Windows with:
Could not locate &amp;amp;apos;/org/springframework/roo/addon/creator/simple\roo-addon-advanced-template.xml in classloader.
On Mac OS it works fine.</description>
			
			
			<version>1.1.0.M3</version>
			
			
			<fixedVersion>1.1.0.RC1</fixedVersion>
			
			
			<type>Bug</type>
			
		
		</buginformation>
		
		
		<fixedFiles>
			
			
			<file type="M">org.springframework.roo.addon.creator.CreatorOperationsImpl.java</file>
			
		
		</fixedFiles>
		
		
		<links>
			
			
			<link description="duplicates" type="Duplicate">1385</link>
			
		
		</links>
		
	
	</bug>
	<bug fixdate="2010-09-27 01:26:40" id="1357" opendate="2010-09-04 14:04:35" resolution="Fixed">
		
		
		<buginformation>
			
			
			<summary>Java keywords are generated for entity type variable names.</summary>
			
			
			<description>When an entity has the same name as a java keyword the variable names used/created by the controller script cause the generated files to be invalid/erroneous.
ie.
   entity --class ~.products.Package
will create method signatures on controller aspects which call something like:
   doSomethingWith(Package package)
this will not compile correctly due to the package keyword being used as a variable.
I assume that this problem will occur for most java keywords as well as those used by aspectj.</description>
			
			
			<version>1.1.0.M3</version>
			
			
			<fixedVersion>1.1.0.RC1</fixedVersion>
			
			
			<type>Bug</type>
			
		
		</buginformation>
		
		
		<fixedFiles>
			
			
			<file type="M">org.springframework.roo.addon.solr.SolrMetadata.java</file>
			
			
			<file type="M">org.springframework.roo.addon.web.mvc.controller.WebScaffoldMetadata.java</file>
			
		
		</fixedFiles>
		
		
		<links>
			
			
			<link description="relates to" type="Relate">1675</link>
			
		
		</links>
		
	
	</bug>
	<bug fixdate="2010-09-29 07:46:31" id="1387" opendate="2010-09-11 00:02:36" resolution="Complete">
		
		
		<buginformation>
			
			
			<summary>ConverterNotFoundException: No converter found</summary>
			
			
			<description>Using a dynamic finder for a domain entity produces an exception iff the finder method was called prior to creating or listing any entities of this type.
ConverterNotFoundException: No converter found capable of converting from &amp;amp;apos;com.springsource.petclinic.domain.Owner&amp;amp;apos; to &amp;amp;apos;java.lang.String&amp;amp;apos;
Steps to reproduce:
1. use sample project petclinic
2. setup persistence
3. start application
4. add an Owner entity
5. restart application
6. directly use finder Pet.findPetsByOwner (through petclinic/pets?find=ByOwner&amp;amp;form)
7. exception occurs
org.springframework.core.convert.ConverterNotFoundException: No converter found capable of converting from &amp;amp;apos;com.springsource.petclinic.domain.Owner&amp;amp;apos; to &amp;amp;apos;java.lang.String&amp;amp;apos;
at org.springframework.core.convert.support.GenericConversionService.convert(GenericConversionService.java:180)
...
The exception does not occur if entities of the searched type were created or listed prior to using the finder.
It just happens at application start.
It seems that the @InitBinder annotated method in the _Roo_Controller is not called.</description>
			
			
			<version>1.1.0.M3</version>
			
			
			<fixedVersion>1.1.0.RC1</fixedVersion>
			
			
			<type>Bug</type>
			
		
		</buginformation>
		
		
		<fixedFiles>
			
			
			<file type="M">org.springframework.roo.addon.web.mvc.controller.WebScaffoldMetadata.java</file>
			
		
		</fixedFiles>
		
		
		<links>
			
			
			<link description="depends on" type="Depends">7594</link>
			
			
			<link description="is related to" type="Related">1405</link>
			
		
		</links>
		
	
	</bug>
	<bug fixdate="2010-10-04 20:55:00" id="1423" opendate="2010-09-20 01:06:51" resolution="Complete">
		
		
		<buginformation>
			
			
			<summary>DataOnDemand code invalid when @Min and @Max annotations are used on an entity field</summary>
			
			
			<description>When specifying a @Min(?L) and @Max(?L) annotation on an entity field the DataOnDemand aspect that gets generated for that entity contains a compilation error. Code that gets generated for 






MyBean.java






...




@Min(0L)




@Max(100L)




private long total;




...






is 






MyBeanDataOnDemand_Roo_DataOnDemand.aj






...




public MyBean MyBeanDataOnDemand.getNewTransientMyBean(int index) {




   ...




   java.lang.Long total = new Integer(index).longValue();




   if (total &amp;lt; 0L || total &amp;gt; L100) { // Should be 100L instead of L100




       total = 100L;




   }




...




}






Note the greater than condition is invalid.
This only seems to happen when both a @Min and @Max annotations are present together. Having either on it&amp;amp;apos;s own works fine.</description>
			
			
			<version>1.1.0.M3</version>
			
			
			<fixedVersion>1.1.0.RC1</fixedVersion>
			
			
			<type>Bug</type>
			
		
		</buginformation>
		
		
		<fixedFiles>
			
			
			<file type="M">org.springframework.roo.addon.dod.DataOnDemandMetadata.java</file>
			
		
		</fixedFiles>
		
	
	</bug>
	<bug fixdate="2010-10-05 04:45:03" id="1353" opendate="2010-09-03 14:20:45" resolution="Complete">
		
		
		<buginformation>
			
			
			<summary>Stale sha info in Roo shell in STS</summary>
			
			
			<description>Set up STS 2.5.0.M3 Build Id: 201008251000 to use a roo built from source
Make or import a roo project and note the sha it shows when the shell starts
Close the shell
Commit a change to git and rebuild roo
rm -rf spring-roo/bootstrap/target/osgi
run roo-dev somewhere
Now open a roo shell again. Note that that it&amp;amp;apos;s still reporting the old sha. But it&amp;amp;apos;s pretty clear that it&amp;amp;apos;s actually running the new bits that you built. Looks like the code that displays that sha is pulling it from some stale cached location. 
A minor bug, perhaps, but it just sent me on a bit of a wild goose chase.</description>
			
			
			<version>1.1.0.M3</version>
			
			
			<fixedVersion>1.1.0.RC1</fixedVersion>
			
			
			<type>Bug</type>
			
		
		</buginformation>
		
		
		<fixedFiles>
			
			
			<file type="M">org.springframework.roo.shell.AbstractShell.java</file>
			
		
		</fixedFiles>
		
	
	</bug>
	<bug fixdate="2010-10-06 07:35:09" id="1451" opendate="2010-09-23 22:14:48" resolution="Fixed">
		
		
		<buginformation>
			
			
			<summary>roo generated controllers and scaffolding is unable to support non-numeric keys</summary>
			
			
			<description>I created a few entities and I annotated one of my entity attributes with the @Id annotation and I took off the autogenerated annotation.  I let roo regen the jspx and controller scaffolding and everything seemed fine until I tried to enter a string into the key that contained a &quot;/&quot; in it.  The entity is called gl and the key is called glAccount.  When I attempt to enter the gl of &quot;A/R&quot;, the post (create) controller fires as it should then it redirects to &quot;redirect:/gl/&quot;+entity.getGlAccount();  which ends up having a url of GET(&quot;/gl/A/R&quot;)  which should be &quot;/gl/A%2fR&quot;.  Please update the scaffolding to escape the id values when creating links in the tagx files and in the controllers.</description>
			
			
			<version>1.1.0.M3</version>
			
			
			<fixedVersion>1.1.0.RC1</fixedVersion>
			
			
			<type>Bug</type>
			
		
		</buginformation>
		
		
		<fixedFiles>
			
			
			<file type="M">org.springframework.roo.addon.web.mvc.controller.WebScaffoldMetadata.java</file>
			
		
		</fixedFiles>
		
	
	</bug>
	<bug fixdate="2010-10-06 13:22:02" id="1510" opendate="2010-10-06 13:20:29" resolution="Fixed">
		
		
		<buginformation>
			
			
			<summary>Entity command does not honor --abstract modifier</summary>
			
			
			<description>When creating an abstract entity via the Roo shell:






entity --class ... --abstract






the modifier of the resulting type does not contain the abstract keyword.</description>
			
			
			<version>1.1.0.M3</version>
			
			
			<fixedVersion>1.1.0.RC1</fixedVersion>
			
			
			<type>Bug</type>
			
		
		</buginformation>
		
		
		<fixedFiles>
			
			
			<file type="M">org.springframework.roo.classpath.operations.ClasspathCommands.java</file>
			
			
			<file type="M">org.springframework.roo.addon.web.mvc.controller.ControllerOperationsImpl.java</file>
			
		
		</fixedFiles>
		
	
	</bug>
	<bug fixdate="2010-10-06 15:06:06" id="1512" opendate="2010-10-06 15:03:00" resolution="Fixed">
		
		
		<buginformation>
			
			
			<summary>Remove web.xml welcome file handling from GWT addon</summary>
			
			
			<description>Remove web.xml welcome file handling from GWT addon</description>
			
			
			<version>1.1.0.M3</version>
			
			
			<fixedVersion>1.1.0.RC1</fixedVersion>
			
			
			<type>Bug</type>
			
		
		</buginformation>
		
		
		<fixedFiles>
			
			
			<file type="M">org.springframework.roo.addon.gwt.GwtOperationsImpl.java</file>
			
		
		</fixedFiles>
		
	
	</bug>
	<bug fixdate="2010-10-06 22:24:02" id="1479" opendate="2010-10-02 03:57:12" resolution="Complete">
		
		
		<buginformation>
			
			
			<summary>DBRE on a DB2400 datasource throwing IllegalArgumentException JDBC driver not available for &amp;apos;com.ibm.as400.access.AS400JDBCDriver&amp;apos;</summary>
			
			
			<description>Attempting to DBRE on a DB2400 datasource fails with java.lang.IllegalArgumentException: JDBC driver not available for &amp;amp;apos;com.ibm.as400.access.AS400JDBCDriver&amp;amp;apos;.
Have attempted to build Roo M4 from Git and copy the org.springframework.roo.wrapping.jtopen-6.7.0.0001.jar dependency into the M3 bundle directory.  Have also tried DBRE right from M4, but both give the same result.</description>
			
			
			<version>1.1.0.M3</version>
			
			
			<fixedVersion>1.1.0.RC1</fixedVersion>
			
			
			<type>Bug</type>
			
		
		</buginformation>
		
		
		<fixedFiles>
			
			
			<file type="M">org.springframework.roo.addon.jdbc.polling.internal.CommonJdbcDriverProvider.java</file>
			
		
		</fixedFiles>
		
	
	</bug>
	<bug fixdate="2010-10-07 00:31:41" id="1515" opendate="2010-10-07 00:25:41" resolution="Complete">
		
		
		<buginformation>
			
			
			<summary>Dependencies not added using ProjectOperations.dependencyUpdate when switching ORM provider or databases</summary>
			
			
			<description>Change JpaOperationsImpl  to add dependencies instead of updating them. Problem is due to having a property place holder for a version number rather than a number itself. The equals() method in dependency sees the dependency as the same.</description>
			
			
			<version>1.1.0.M3</version>
			
			
			<fixedVersion>1.1.0.RC1</fixedVersion>
			
			
			<type>Bug</type>
			
		
		</buginformation>
		
		
		<fixedFiles>
			
			
			<file type="M">org.springframework.roo.addon.jpa.JpaOperationsImpl.java</file>
			
		
		</fixedFiles>
		
		
		<links>
			
			
			<link description="is related to" type="Related">1467</link>
			
		
		</links>
		
	
	</bug>
	<bug fixdate="2010-10-07 04:25:51" id="1517" opendate="2010-10-07 04:24:10" resolution="Fixed">
		
		
		<buginformation>
			
			
			<summary>Solr addon has unnessesary dependency on to string addon</summary>
			
			
			<description>The &amp;amp;apos;solr all&amp;amp;apos; command executed on the petclinic project produces the following stack trace:






~.web roo&amp;gt; solr all




Managed SRC_MAIN_JAVA/com/springsource/petclinic/domain/Visit.java                                                                                                                                        [org.springframework.roo.wrapping.inflector [70]] BundleEvent STOPPED




Managed SRC_MAIN_JAVA/com/springsource/petclinic/domain/Vet.java




Managed SRC_MAIN_JAVA/com/springsource/petclinic/domain/Pet.java




Managed SRC_MAIN_JAVA/com/springsource/petclinic/domain/Owner.java




Managed SRC_MAIN_JAVA/com/springsource/petclinic/SolrSearchAsyncTaskExecutor.aj




Created SRC_MAIN_JAVA/com/springsource/petclinic/domain/Pet_Roo_SolrSearch.aj




Undo create SRC_MAIN_JAVA/com/springsource/petclinic/domain/Pet_Roo_SolrSearch.aj




Undo manage SRC_MAIN_JAVA/com/springsource/petclinic/SolrSearchAsyncTaskExecutor.aj




Undo manage SRC_MAIN_JAVA/com/springsource/petclinic/domain/Owner.java




Undo manage SRC_MAIN_JAVA/com/springsource/petclinic/domain/Pet.java




Undo manage SRC_MAIN_JAVA/com/springsource/petclinic/domain/Vet.java




Undo manage SRC_MAIN_JAVA/com/springsource/petclinic/domain/Visit.java




Invalid dependency between upstream &amp;amp;apos;MID:org.springframework.roo.addon.solr.SolrMetadata#SRC_MAIN_JAVA?com.springsource.petclinic.domain.Pet&amp;amp;apos; and downstream &amp;amp;apos;MID:org.springframework.roo.addon.tostring.ToStringMetadata#SRC_MAIN_JAVA?com.springsource.petclinic.domain.Pet&amp;amp;apos;




java.lang.IllegalArgumentException: Invalid dependency between upstream &amp;amp;apos;MID:org.springframework.roo.addon.solr.SolrMetadata#SRC_MAIN_JAVA?com.springsource.petclinic.domain.Pet&amp;amp;apos; and downstream &amp;amp;apos;MID:org.springframework.roo.addon.tostring.ToStringMetadata#SRC_MAIN_JAVA?com.springsource.petclinic.domain.Pet&amp;amp;apos;




    at org.springframework.roo.support.util.Assert.isTrue(Assert.java:65)




    at org.springframework.roo.metadata.internal.DefaultMetadataDependencyRegistry.registerDependency(DefaultMetadataDependencyRegistry.java:61)




    at org.springframework.roo.addon.tostring.ToStringMetadataProvider.getMetadata(ToStringMetadataProvider.java:36)




    at org.springframework.roo.classpath.itd.AbstractItdMetadataProvider.get(AbstractItdMetadataProvider.java:250)




    at org.springframework.roo.metadata.DefaultMetadataService.get(DefaultMetadataService.java:139)




    at org.springframework.roo.classpath.itd.AbstractItdMetadataProvider.notify(AbstractItdMetadataProvider.java:124)




    at org.springframework.roo.metadata.DefaultMetadataService.notify(DefaultMetadataService.java:179)




    at org.springframework.roo.metadata.internal.DefaultMetadataDependencyRegistry.notifyDownstream(DefaultMetadataDependencyRegistry.java:244)




    at org.springframework.roo.classpath.javaparser.JavaParserMetadataProvider.onFileEvent(JavaParserMetadataProvider.java:138)




    at org.springframework.roo.file.monitor.polling.PollingFileMonitorService.publish(PollingFileMonitorService.java:344)




    at org.springframework.roo.file.monitor.polling.PollingFileMonitorService.scanNotified(PollingFileMonitorService.java:217)




    at org.springframework.roo.process.manager.internal.DefaultProcessManager.doTransactionally(DefaultProcessManager.java:183)




    at org.springframework.roo.process.manager.internal.DefaultProcessManager.execute(DefaultProcessManager.java:140)




    at org.springframework.roo.process.manager.ProcessManagerHostedExecutionStrategy.execute(ProcessManagerHostedExecutionStrategy.java:47)




    at org.springframework.roo.shell.AbstractShell.executeCommand(AbstractShell.java:162)




    at org.springframework.roo.shell.jline.JLineShell.promptLoop(JLineShell.java:326)




    at org.springframework.roo.shell.jline.JLineShell.run(JLineShell.java:119)




    at java.lang.Thread.run(Thread.java:637)





</description>
			
			
			<version>1.1.0.M3</version>
			
			
			<fixedVersion>1.1.0.RC1</fixedVersion>
			
			
			<type>Bug</type>
			
		
		</buginformation>
		
		
		<fixedFiles>
			
			
			<file type="M">org.springframework.roo.addon.solr.SolrMetadata.java</file>
			
			
			<file type="M">org.springframework.roo.addon.solr.SolrMetadataProvider.java</file>
			
		
		</fixedFiles>
		
	
	</bug>
	<bug fixdate="2010-10-07 18:19:49" id="1525" opendate="2010-10-07 16:52:31" resolution="Complete">
		
		
		<buginformation>
			
			
			<summary>DBRE does not handle slash characters in table and column names</summary>
			
			
			<description>Database reverse engineering fails to convert forward and backslash characters into valid java type and field names</description>
			
			
			<version>1.1.0.M3</version>
			
			
			<fixedVersion>1.1.0.RC1</fixedVersion>
			
			
			<type>Bug</type>
			
		
		</buginformation>
		
		
		<fixedFiles>
			
			
			<file type="M">org.springframework.roo.addon.dbre.model.SchemaIntrospector.java</file>
			
			
			<file type="M">org.springframework.roo.addon.dbre.DbreMetadata.java</file>
			
			
			<file type="M">org.springframework.roo.addon.dbre.model.Column.java</file>
			
			
			<file type="M">org.springframework.roo.addon.dbre.DbreTypeResolutionServiceImpl.java</file>
			
		
		</fixedFiles>
		
	
	</bug>
	<bug fixdate="2010-10-11 01:41:05" id="1536" opendate="2010-10-11 01:36:44" resolution="Complete">
		
		
		<buginformation>
			
			
			<summary>Order of foreign keys in .roo-dbre xml file determines @ManyToOne and @OneToOne field generation</summary>
			
			
			<description>The order of the foreign keys in the .roo-dbre xml file should not affect the generation of @ManyToOne and @OneToOne fields. This is due to finding foreign keys based on the table&amp;amp;apos;s column names and stopping on the first match of a column instead of simply iterating through the foreign keys themselves and obtaining the local column from the foreign key&amp;amp;apos;s reference elements.</description>
			
			
			<version>1.1.0.M3</version>
			
			
			<fixedVersion>1.1.0.RC1</fixedVersion>
			
			
			<type>Bug</type>
			
		
		</buginformation>
		
		
		<fixedFiles>
			
			
			<file type="M">org.springframework.roo.addon.dbre.DbreMetadata.java</file>
			
			
			<file type="M">org.springframework.roo.addon.dbre.model.Database.java</file>
			
			
			<file type="M">org.springframework.roo.addon.dbre.model.Table.java</file>
			
			
			<file type="M">org.springframework.roo.addon.dbre.model.ColumnComparator.java</file>
			
		
		</fixedFiles>
		
	
	</bug>
	<bug fixdate="2010-10-11 20:18:42" id="1534" opendate="2010-10-10 15:58:51" resolution="Complete">
		
		
		<buginformation>
			
			
			<summary>Mobile edit view doesn&amp;apos;t import GWT local typed ValueBoxes, Renderers and Parsers</summary>
			
			
			<description>The script below will produce a scaffold app which repeats the exception on gwt:run or gwt:compile
project --topLevelPackage com.springsource.menagerie
persistence setup --provider HIBERNATE --database HYPERSONIC_IN_MEMORY
entity --class ~.server.domain.RingMaster --testAutomatically
field string --fieldName name
entity --class ~.server.domain.Exhibit --testAutomatically
field boolean --fieldName boolAnimal 
field other --type java.lang.Character --fieldName charAnimal
field string --fieldName stringAnimal
field number --type java.lang.Byte byteAnimal
field number --type java.lang.Short shortAnimal
field number --type java.lang.Integer intAnimal
field number --type java.lang.Long longAnimal
field number --type java.lang.Float floatAnimal
field number --type java.lang.Double doubleAnimal
field reference --type RingMaster ringMaster
gwt setup
logging setup --level INFO</description>
			
			
			<version>1.1.0.M3</version>
			
			
			<fixedVersion>1.1.0.RC1</fixedVersion>
			
			
			<type>Bug</type>
			
		
		</buginformation>
		
		
		<fixedFiles>
			
			
			<file type="D">org.springframework.roo.addon.gwt.module.client.scaffold.MobileListResources-template.java</file>
			
			
			<file type="M">org.springframework.roo.addon.gwt.GwtPath.java</file>
			
			
			<file type="M">org.springframework.roo.addon.gwt.GwtMetadataProvider.java</file>
			
			
			<file type="M">org.springframework.roo.addon.gwt.GwtMetadata.java</file>
			
			
			<file type="M">org.springframework.roo.addon.gwt.GwtOperationsImpl.java</file>
			
			
			<file type="M">org.springframework.roo.addon.gwt.module.client.scaffold.ScaffoldApp-template.java</file>
			
			
			<file type="D">org.springframework.roo.addon.gwt.module.client.scaffold.IsScaffoldMobileActivity-template.java</file>
			
			
			<file type="M">org.springframework.roo.addon.gwt.GwtProxyProperty.java</file>
			
			
			<file type="M">org.springframework.roo.addon.gwt.SharedType.java</file>
			
			
			<file type="M">org.springframework.roo.addon.gwt.module.client.scaffold.ScaffoldDesktopApp-template.java</file>
			
			
			<file type="M">org.springframework.roo.addon.gwt.MirrorType.java</file>
			
			
			<file type="M">org.springframework.roo.addon.gwt.module.client.scaffold.ScaffoldMobileApp-template.java</file>
			
			
			<file type="M">org.springframework.roo.addon.gwt.GwtFileListener.java</file>
			
			
			<file type="D">org.springframework.roo.addon.gwt.module.client.scaffold.MobileProxyListView-template.java</file>
			
			
			<file type="D">org.springframework.roo.addon.gwt.module.client.scaffold.ScaffoldPlaceHistoryMapper-template.java</file>
			
			
			<file type="M">org.springframework.roo.addon.gwt.module.client.scaffold.ScaffoldDesktopShell-template.java</file>
			
			
			<file type="D">org.springframework.roo.addon.gwt.module.client.scaffold.PlaceHistoryFactory-template.java</file>
			
			
			<file type="M">org.springframework.roo.addon.gwt.module.client.scaffold.ioc.ScaffoldModule-template.java</file>
			
		
		</fixedFiles>
		
	
	</bug>
	<bug fixdate="2010-10-13 02:31:20" id="1535" opendate="2010-10-10 23:40:44" resolution="Complete">
		
		
		<buginformation>
			
			
			<summary>Update Roo for RC1</summary>
			
			
			<description>Add xalan.jar as a dependency
Switch to AppEngine 1.3.7 and Datanucleus 1.1.5 dependencies
Move GaeUserInformation class to .server package
Update to gwt-maven-plugin 1.3.2.google (w/fixes for GAE under GWT DevMode)</description>
			
			
			<version>1.1.0.M3</version>
			
			
			<fixedVersion>1.1.0.RC1</fixedVersion>
			
			
			<type>Bug</type>
			
		
		</buginformation>
		
		
		<fixedFiles>
			
			
			<file type="D">org.springframework.roo.addon.gwt.module.GaeUserInformation-template.java</file>
			
			
			<file type="M">org.springframework.roo.addon.gwt.GwtOperationsImpl.java</file>
			
		
		</fixedFiles>
		
	
	</bug>
	<bug fixdate="2010-10-13 03:05:40" id="1548" opendate="2010-10-13 03:01:09" resolution="Complete">
		
		
		<buginformation>
			
			
			<summary>The last schema is null in the bindDatabaseListener method of DbreModelServiceImpl on Mac platforms </summary>
			
			
			<description>Errors messages relating to DBRE are shown on Roo startup on Mac platforms
Welcome to Spring Roo. For assistance press TAB or type &quot;hint&quot; then hit ENTER.
[Thread-3] [org.springframework.roo.addon.dbre [17]] [org.springframework.roo.addon.dbre.DbreModelServiceImpl] The bindDatabaseListener method has thrown an exception
           java.lang.IllegalArgumentException: Schema required
               at org.springframework.roo.support.util.Assert.notNull(Assert.java:112)
               at org.springframework.roo.addon.dbre.DbreModelServiceImpl.getDatabase(DbreModelServiceImpl.java:146)
               at org.springframework.roo.addon.dbre.DbreModelServiceImpl.bindDatabaseListener(DbreModelServiceImpl.java:91)
Fix is to include a null check for lastSchema</description>
			
			
			<version>1.1.0.M3</version>
			
			
			<fixedVersion>1.1.0.RC1</fixedVersion>
			
			
			<type>Bug</type>
			
		
		</buginformation>
		
		
		<fixedFiles>
			
			
			<file type="M">org.springframework.roo.addon.dbre.DbreModelServiceImpl.java</file>
			
		
		</fixedFiles>
		
	
	</bug>
	<bug fixdate="2010-10-14 02:10:34" id="1555" opendate="2010-10-13 19:09:24" resolution="Complete">
		
		
		<buginformation>
			
			
			<summary>Undo Functionality Should clean up its temp files?</summary>
			
			
			<description>I believe Roo is generating a tremendous amount of temp files in order to Undo actions when an error occurs.  These temp files are never removed so the temp directory continues to grow bigger and bigger.
Since Roo doesn&amp;amp;apos;t allow the user to &quot;Undo&quot; commands, this Undo functionality is used only internally.  I would assume that the temp files are created so if an error occurs processing a command any actions taken before the error occurred are able to be rolledback (or Undone).
I would think it is reasonable to say if the command was performed without error then the undo files should be removed after the command completes.
This would stop the ever growing temp directory.
An example of the impact: I started a roo project on 9/13 and as of today there are 112544 File(s) 689,963,308 bytes in roo temp files dated from 9/13 to 10/13.
Same project on the computer that I did the actual development on there were over 6gb of the temp files.
10/13/2010  10:25 AM            16,801 UpdateFile8082522949573900540tmp
10/13/2010  10:25 AM            16,801 UpdateFile8831047267320096084tmp
10/13/2010  10:25 AM            16,801 UpdateFile820654767042231678tmp
10/13/2010  10:25 AM            16,801 UpdateFile8459059130848309600tmp
successfully running the roo security setup on a project generated 2047 temp files.
successfully running roo perform tests on the same project generated 654 File(s) 10,987,854 bytes
So everytime perform tests is executed it generates another 654 File(s) 10,987,854 bytes
Not exactly sure why perform tests would need Undo functionality since none of the roo managed files are being changed during this command.
Anyway, just thought I would post it so someone with a lot more knowledge could at least take a look at it.
http://forum.springsource.org/showthread.php?t=95488</description>
			
			
			<version>1.1.0.M3</version>
			
			
			<fixedVersion>1.1.0.RC1</fixedVersion>
			
			
			<type>Bug</type>
			
		
		</buginformation>
		
		
		<fixedFiles>
			
			
			<file type="M">org.springframework.roo.file.undo.UpdateFile.java</file>
			
			
			<file type="M">org.springframework.roo.file.undo.DeleteDirectory.java</file>
			
			
			<file type="M">org.springframework.roo.file.undo.DeleteFile.java</file>
			
		
		</fixedFiles>
		
	
	</bug>
	<bug fixdate="2010-10-14 20:24:11" id="1537" opendate="2010-10-11 15:21:52" resolution="Complete">
		
		
		<buginformation>
			
			
			<summary>Tests fail on simple app</summary>
			
			
			<description>Hi guys, the following script makes 8 out of 9 tests fail:
project --topLevelPackage net.opentemperament
persistence setup --provider OPENJPA --database HYPERSONIC_IN_MEMORY
entity --class ~.entities.Family --testAutomatically
field string --fieldName name
perform test
I&amp;amp;apos;ve tried it on 1.1.0.M3, 1.1.0.M1 and todays git version. Here is the output
Running net.opentemperament.entities.FamilyIntegrationTest
35  persistenceUnit  WARN   [main] openjpa.Runtime - An error occurred while registering a ClassTransformer with PersistenceUnitInfo: name &amp;amp;apos;persistenceUnit&amp;amp;apos;, root URL file:/private/tmp/zz/target/classes/. The error has been consumed. To see it, set your openjpa.Runtime log level to TRACE. Load-time class transformation will not be available.
81  persistenceUnit  INFO   [main] openjpa.Runtime - OpenJPA dynamically loaded a validation provider.
164  persistenceUnit  INFO   [main] openjpa.Runtime - Starting OpenJPA 2.0.0
248  persistenceUnit  INFO   [main] openjpa.jdbc.JDBC - Using dictionary class &quot;org.apache.openjpa.jdbc.sql.HSQLDictionary&quot;.
Tests run: 9, Failures: 0, Errors: 8, Skipped: 0, Time elapsed: 2.754 sec &amp;lt;&amp;lt;&amp;lt; FAILURE!
Family roo&amp;gt; 
Results :o&amp;gt; 
Family roo&amp;gt; 
Tests in error: 
  testCountFamilys(net.opentemperament.entities.FamilyIntegrationTest)
  testFindFamily(net.opentemperament.entities.FamilyIntegrationTest)
  testFindAllFamilys(net.opentemperament.entities.FamilyIntegrationTest)
  testFindFamilyEntries(net.opentemperament.entities.FamilyIntegrationTest)
  testFlush(net.opentemperament.entities.FamilyIntegrationTest)
  testMerge(net.opentemperament.entities.FamilyIntegrationTest)
  testPersist(net.opentemperament.entities.FamilyIntegrationTest)
  testRemove(net.opentemperament.entities.FamilyIntegrationTest)
Family roo&amp;gt; 
Tests run: 9, Failures: 0, Errors: 8, Skipped: 0
Full output:
-------------------------------------------------------------------------------
Test set: net.opentemperament.entities.FamilyIntegrationTest
-------------------------------------------------------------------------------
Tests run: 9, Failures: 0, Errors: 8, Skipped: 0, Time elapsed: 2.741 sec &amp;lt;&amp;lt;&amp;lt; FAILURE!
testCountFamilys(net.opentemperament.entities.FamilyIntegrationTest)  Time elapsed: 1.086 sec  &amp;lt;&amp;lt;&amp;lt; ERROR!
org.springframework.transaction.CannotCreateTransactionException: Could not open JPA EntityManager for transaction; nested exception is &amp;lt;openjpa-2.0.0-r422266:935683 nonfatal user error&amp;gt; org.apache.openjpa.persistence.ArgumentException: This configuration disallows runtime optimization, but the following listed types were not enhanced at build time or at class load time with a javaagent: &quot;
net.opentemperament.entities.Family&quot;.
	at org.springframework.orm.jpa.JpaTransactionManager.doBegin(JpaTransactionManager.java:382)
	at org.springframework.transaction.support.AbstractPlatformTransactionManager.getTransaction(AbstractPlatformTransactionManager.java:371)
	at org.springframework.transaction.interceptor.TransactionAspectSupport.createTransactionIfNecessary(TransactionAspectSupport.java:335)
	at org.springframework.transaction.interceptor.TransactionAspectSupport.createTransactionIfNecessary(TransactionAspectSupport.java:273)
	at org.springframework.transaction.aspectj.AbstractTransactionAspect.ajc$before$org_springframework_transaction_aspectj_AbstractTransactionAspect$1$2a73e96c(AbstractTransactionAspect.aj:63)
	at net.opentemperament.entities.FamilyDataOnDemand_Roo_DataOnDemand.ajc$interMethod$net_opentemperament_entities_FamilyDataOnDemand_Roo_DataOnDemand$net_opentemperament_entities_FamilyDataOnDemand$init(FamilyDataOnDemand_Roo_DataOnDemand.aj:47)
	at net.opentemperament.entities.FamilyDataOnDemand.init(FamilyDataOnDemand.java:1)
	at net.opentemperament.entities.FamilyDataOnDemand_Roo_DataOnDemand.ajc$interMethodDispatch1$net_opentemperament_entities_FamilyDataOnDemand_Roo_DataOnDemand$net_opentemperament_entities_FamilyDataOnDemand$init(FamilyDataOnDemand_Roo_DataOnDemand.aj)
	at net.opentemperament.entities.FamilyDataOnDemand_Roo_DataOnDemand.ajc$interMethod$net_opentemperament_entities_FamilyDataOnDemand_Roo_DataOnDemand$net_opentemperament_entities_FamilyDataOnDemand$getRandomFamily(FamilyDataOnDemand_Roo_DataOnDemand.aj:36)
	at net.opentemperament.entities.FamilyDataOnDemand.getRandomFamily(FamilyDataOnDemand.java:1)
	at net.opentemperament.entities.FamilyDataOnDemand_Roo_DataOnDemand.ajc$interMethodDispatch1$net_opentemperament_entities_FamilyDataOnDemand_Roo_DataOnDemand$net_opentemperament_entities_FamilyDataOnDemand$getRandomFamily(FamilyDataOnDemand_Roo_DataOnDemand.aj)
	at net.opentemperament.entities.FamilyIntegrationTest_Roo_IntegrationTest.ajc$interMethod$net_opentemperament_entities_FamilyIntegrationTest_Roo_IntegrationTest$net_opentemperament_entities_FamilyIntegrationTest$testCountFamilys(FamilyIntegrationTest_Roo_IntegrationTest.aj:25)
	at net.opentemperament.entities.FamilyIntegrationTest.testCountFamilys(FamilyIntegrationTest.java:1)
	at sun.reflect.NativeMethodAccessorImpl.invoke0(Native Method)
	at sun.reflect.NativeMethodAccessorImpl.invoke(NativeMethodAccessorImpl.java:39)
	at sun.reflect.DelegatingMethodAccessorImpl.invoke(DelegatingMethodAccessorImpl.java:25)
	at java.lang.reflect.Method.invoke(Method.java:597)
	at org.junit.runners.model.FrameworkMethod$1.runReflectiveCall(FrameworkMethod.java:44)
	at org.junit.internal.runners.model.ReflectiveCallable.run(ReflectiveCallable.java:15)
	at org.junit.runners.model.FrameworkMethod.invokeExplosively(FrameworkMethod.java:41)
	at org.junit.internal.runners.statements.InvokeMethod.evaluate(InvokeMethod.java:20)
	at org.springframework.test.context.junit4.statements.RunBeforeTestMethodCallbacks.evaluate(RunBeforeTestMethodCallbacks.java:74)
	at org.springframework.test.context.junit4.statements.RunAfterTestMethodCallbacks.evaluate(RunAfterTestMethodCallbacks.java:82)
	at org.springframework.test.context.junit4.statements.SpringRepeat.evaluate(SpringRepeat.java:72)
	at org.springframework.test.context.junit4.SpringJUnit4ClassRunner.runChild(SpringJUnit4ClassRunner.java:240)
	at org.junit.runners.BlockJUnit4ClassRunner.runChild(BlockJUnit4ClassRunner.java:50)
	at org.junit.runners.ParentRunner$3.run(ParentRunner.java:193)
	at org.junit.runners.ParentRunner$1.schedule(ParentRunner.java:52)
	at org.junit.runners.ParentRunner.runChildren(ParentRunner.java:191)
	at org.junit.runners.ParentRunner.access$000(ParentRunner.java:42)
	at org.junit.runners.ParentRunner$2.evaluate(ParentRunner.java:184)
	at org.springframework.test.context.junit4.statements.RunBeforeTestClassCallbacks.evaluate(RunBeforeTestClassCallbacks.java:61)
	at org.springframework.test.context.junit4.statements.RunAfterTestClassCallbacks.evaluate(RunAfterTestClassCallbacks.java:70)
	at org.junit.runners.ParentRunner.run(ParentRunner.java:236)
	at org.springframework.test.context.junit4.SpringJUnit4ClassRunner.run(SpringJUnit4ClassRunner.java:180)
	at org.apache.maven.surefire.junit4.JUnit4TestSet.execute(JUnit4TestSet.java:59)
	at org.apache.maven.surefire.suite.AbstractDirectoryTestSuite.executeTestSet(AbstractDirectoryTestSuite.java:115)
	at org.apache.maven.surefire.suite.AbstractDirectoryTestSuite.execute(AbstractDirectoryTestSuite.java:102)
	at org.apache.maven.surefire.Surefire.run(Surefire.java:180)
	at sun.reflect.NativeMethodAccessorImpl.invoke0(Native Method)
	at sun.reflect.NativeMethodAccessorImpl.invoke(NativeMethodAccessorImpl.java:39)
	at sun.reflect.DelegatingMethodAccessorImpl.invoke(DelegatingMethodAccessorImpl.java:25)
	at java.lang.reflect.Method.invoke(Method.java:597)
	at org.apache.maven.surefire.booter.SurefireBooter.runSuitesInProcess(SurefireBooter.java:350)
	at org.apache.maven.surefire.booter.SurefireBooter.main(SurefireBooter.java:1021)
Caused by: &amp;lt;openjpa-2.0.0-r422266:935683 nonfatal user error&amp;gt; org.apache.openjpa.persistence.ArgumentException: This configuration disallows runtime optimization, but the following listed types were not enhanced at build time or at class load time with a javaagent: &quot;
net.opentemperament.entities.Family&quot;.
	at org.apache.openjpa.enhance.ManagedClassSubclasser.prepareUnenhancedClasses(ManagedClassSubclasser.java:116)
	at org.apache.openjpa.kernel.AbstractBrokerFactory.loadPersistentTypes(AbstractBrokerFactory.java:304)
	at org.apache.openjpa.kernel.AbstractBrokerFactory.initializeBroker(AbstractBrokerFactory.java:228)
	at org.apache.openjpa.kernel.AbstractBrokerFactory.newBroker(AbstractBrokerFactory.java:202)
	at org.apache.openjpa.kernel.DelegatingBrokerFactory.newBroker(DelegatingBrokerFactory.java:156)
	at org.apache.openjpa.persistence.EntityManagerFactoryImpl.createEntityManager(EntityManagerFactoryImpl.java:213)
	at org.apache.openjpa.persistence.EntityManagerFactoryImpl.createEntityManager(EntityManagerFactoryImpl.java:151)
	at org.apache.openjpa.persistence.EntityManagerFactoryImpl.createEntityManager(EntityManagerFactoryImpl.java:57)
	at org.springframework.orm.jpa.JpaTransactionManager.createEntityManagerForTransaction(JpaTransactionManager.java:400)
	at org.springframework.orm.jpa.JpaTransactionManager.doBegin(JpaTransactionManager.java:321)
	... 44 more
testFindFamily(net.opentemperament.entities.FamilyIntegrationTest)  Time elapsed: 0.144 sec  &amp;lt;&amp;lt;&amp;lt; ERROR!
org.springframework.dao.InvalidDataAccessApiUsageException: An error occurred while parsing the query filter &quot;select o from Family o&quot;. Error message: The name &quot;Family&quot; is not a recognized entity or identifier. Known entity names: []; nested exception is &amp;lt;openjpa-2.0.0-r422266:935683 nonfatal user error&amp;gt; org.apache.openjpa.persistence.ArgumentException: An error occurred while parsing the query filter &quot;select o from Family o&quot;. Error message: The name &quot;Family&quot; is not a recognized entity or identifier. Known entity names: []
	at org.springframework.orm.jpa.EntityManagerFactoryUtils.convertJpaAccessExceptionIfPossible(EntityManagerFactoryUtils.java:286)
	at org.springframework.orm.jpa.aspectj.JpaExceptionTranslatorAspect.ajc$afterThrowing$org_springframework_orm_jpa_aspectj_JpaExceptionTranslatorAspect$1$18a1ac9(JpaExceptionTranslatorAspect.aj:15)
	at net.opentemperament.entities.Family_Roo_Entity.findFamilyEntries_aroundBody8(Family_Roo_Entity.aj:103)
	at net.opentemperament.entities.Family_Roo_Entity.ajc$interMethod$net_opentemperament_entities_Family_Roo_Entity$net_opentemperament_entities_Family$findFamilyEntries(Family_Roo_Entity.aj:1)
	at net.opentemperament.entities.Family.findFamilyEntries(Family.java:1)
	at net.opentemperament.entities.Family_Roo_Entity.ajc$interMethodDispatch1$net_opentemperament_entities_Family_Roo_Entity$net_opentemperament_entities_Family$findFamilyEntries(Family_Roo_Entity.aj)
	at net.opentemperament.entities.FamilyDataOnDemand_Roo_DataOnDemand.ajc$interMethod$net_opentemperament_entities_FamilyDataOnDemand_Roo_DataOnDemand$net_opentemperament_entities_FamilyDataOnDemand$init(FamilyDataOnDemand_Roo_DataOnDemand.aj:51)
	at net.opentemperament.entities.FamilyDataOnDemand.init(FamilyDataOnDemand.java:1)
	at net.opentemperament.entities.FamilyDataOnDemand_Roo_DataOnDemand.ajc$interMethodDispatch1$net_opentemperament_entities_FamilyDataOnDemand_Roo_DataOnDemand$net_opentemperament_entities_FamilyDataOnDemand$init(FamilyDataOnDemand_Roo_DataOnDemand.aj)
	at net.opentemperament.entities.FamilyDataOnDemand_Roo_DataOnDemand.ajc$interMethod$net_opentemperament_entities_FamilyDataOnDemand_Roo_DataOnDemand$net_opentemperament_entities_FamilyDataOnDemand$getRandomFamily(FamilyDataOnDemand_Roo_DataOnDemand.aj:36)
	at net.opentemperament.entities.FamilyDataOnDemand.getRandomFamily(FamilyDataOnDemand.java:1)
	at net.opentemperament.entities.FamilyDataOnDemand_Roo_DataOnDemand.ajc$interMethodDispatch1$net_opentemperament_entities_FamilyDataOnDemand_Roo_DataOnDemand$net_opentemperament_entities_FamilyDataOnDemand$getRandomFamily(FamilyDataOnDemand_Roo_DataOnDemand.aj)
	at net.opentemperament.entities.FamilyIntegrationTest_Roo_IntegrationTest.ajc$interMethod$net_opentemperament_entities_FamilyIntegrationTest_Roo_IntegrationTest$net_opentemperament_entities_FamilyIntegrationTest$testFindFamily(FamilyIntegrationTest_Roo_IntegrationTest.aj:32)
	at net.opentemperament.entities.FamilyIntegrationTest.testFindFamily(FamilyIntegrationTest.java:1)
	at sun.reflect.NativeMethodAccessorImpl.invoke0(Native Method)
	at sun.reflect.NativeMethodAccessorImpl.invoke(NativeMethodAccessorImpl.java:39)
	at sun.reflect.DelegatingMethodAccessorImpl.invoke(DelegatingMethodAccessorImpl.java:25)
	at java.lang.reflect.Method.invoke(Method.java:597)
	at org.junit.runners.model.FrameworkMethod$1.runReflectiveCall(FrameworkMethod.java:44)
	at org.junit.internal.runners.model.ReflectiveCallable.run(ReflectiveCallable.java:15)
	at org.junit.runners.model.FrameworkMethod.invokeExplosively(FrameworkMethod.java:41)
	at org.junit.internal.runners.statements.InvokeMethod.evaluate(InvokeMethod.java:20)
	at org.springframework.test.context.junit4.statements.RunBeforeTestMethodCallbacks.evaluate(RunBeforeTestMethodCallbacks.java:74)
	at org.springframework.test.context.junit4.statements.RunAfterTestMethodCallbacks.evaluate(RunAfterTestMethodCallbacks.java:82)
	at org.springframework.test.context.junit4.statements.SpringRepeat.evaluate(SpringRepeat.java:72)
	at org.springframework.test.context.junit4.SpringJUnit4ClassRunner.runChild(SpringJUnit4ClassRunner.java:240)
	at org.junit.runners.BlockJUnit4ClassRunner.runChild(BlockJUnit4ClassRunner.java:50)
	at org.junit.runners.ParentRunner$3.run(ParentRunner.java:193)
	at org.junit.runners.ParentRunner$1.schedule(ParentRunner.java:52)
	at org.junit.runners.ParentRunner.runChildren(ParentRunner.java:191)
	at org.junit.runners.ParentRunner.access$000(ParentRunner.java:42)
	at org.junit.runners.ParentRunner$2.evaluate(ParentRunner.java:184)
	at org.springframework.test.context.junit4.statements.RunBeforeTestClassCallbacks.evaluate(RunBeforeTestClassCallbacks.java:61)
	at org.springframework.test.context.junit4.statements.RunAfterTestClassCallbacks.evaluate(RunAfterTestClassCallbacks.java:70)
	at org.junit.runners.ParentRunner.run(ParentRunner.java:236)
	at org.springframework.test.context.junit4.SpringJUnit4ClassRunner.run(SpringJUnit4ClassRunner.java:180)
	at org.apache.maven.surefire.junit4.JUnit4TestSet.execute(JUnit4TestSet.java:59)
	at org.apache.maven.surefire.suite.AbstractDirectoryTestSuite.executeTestSet(AbstractDirectoryTestSuite.java:115)
	at org.apache.maven.surefire.suite.AbstractDirectoryTestSuite.execute(AbstractDirectoryTestSuite.java:102)
	at org.apache.maven.surefire.Surefire.run(Surefire.java:180)
	at sun.reflect.NativeMethodAccessorImpl.invoke0(Native Method)
	at sun.reflect.NativeMethodAccessorImpl.invoke(NativeMethodAccessorImpl.java:39)
	at sun.reflect.DelegatingMethodAccessorImpl.invoke(DelegatingMethodAccessorImpl.java:25)
	at java.lang.reflect.Method.invoke(Method.java:597)
	at org.apache.maven.surefire.booter.SurefireBooter.runSuitesInProcess(SurefireBooter.java:350)
	at org.apache.maven.surefire.booter.SurefireBooter.main(SurefireBooter.java:1021)
Caused by: &amp;lt;openjpa-2.0.0-r422266:935683 nonfatal user error&amp;gt; org.apache.openjpa.persistence.ArgumentException: An error occurred while parsing the query filter &quot;select o from Family o&quot;. Error message: The name &quot;Family&quot; is not a recognized entity or identifier. Known entity names: []
	at org.apache.openjpa.kernel.exps.AbstractExpressionBuilder.parseException(AbstractExpressionBuilder.java:119)
	at org.apache.openjpa.kernel.jpql.JPQLExpressionBuilder.getClassMetaData(JPQLExpressionBuilder.java:197)
	at org.apache.openjpa.kernel.jpql.JPQLExpressionBuilder.resolveClassMetaData(JPQLExpressionBuilder.java:167)
	at org.apache.openjpa.kernel.jpql.JPQLExpressionBuilder.getCandidateMetaData(JPQLExpressionBuilder.java:242)
	at org.apache.openjpa.kernel.jpql.JPQLExpressionBuilder.getCandidateMetaData(JPQLExpressionBuilder.java:212)
	at org.apache.openjpa.kernel.jpql.JPQLExpressionBuilder.getCandidateType(JPQLExpressionBuilder.java:205)
	at org.apache.openjpa.kernel.jpql.JPQLExpressionBuilder.access$200(JPQLExpressionBuilder.java:81)
	at org.apache.openjpa.kernel.jpql.JPQLExpressionBuilder$ParsedJPQL.populate(JPQLExpressionBuilder.java:2387)
	at org.apache.openjpa.kernel.jpql.JPQLParser.populate(JPQLParser.java:61)
	at org.apache.openjpa.kernel.ExpressionStoreQuery.populateFromCompilation(ExpressionStoreQuery.java:154)
	at org.apache.openjpa.kernel.QueryImpl.newCompilation(QueryImpl.java:671)
	at org.apache.openjpa.kernel.QueryImpl.compilationFromCache(QueryImpl.java:652)
	at org.apache.openjpa.kernel.QueryImpl.compileForCompilation(QueryImpl.java:618)
	at org.apache.openjpa.kernel.QueryImpl.compileForExecutor(QueryImpl.java:680)
	at org.apache.openjpa.kernel.QueryImpl.compile(QueryImpl.java:587)
	at org.apache.openjpa.persistence.EntityManagerImpl.createQuery(EntityManagerImpl.java:985)
	at org.apache.openjpa.persistence.EntityManagerImpl.createQuery(EntityManagerImpl.java:971)
	at org.apache.openjpa.persistence.EntityManagerImpl.createQuery(EntityManagerImpl.java:100)
	at sun.reflect.NativeMethodAccessorImpl.invoke0(Native Method)
	at sun.reflect.NativeMethodAccessorImpl.invoke(NativeMethodAccessorImpl.java:39)
	at sun.reflect.DelegatingMethodAccessorImpl.invoke(DelegatingMethodAccessorImpl.java:25)
	at java.lang.reflect.Method.invoke(Method.java:597)
	at org.springframework.orm.jpa.SharedEntityManagerCreator$SharedEntityManagerInvocationHandler.invoke(SharedEntityManagerCreator.java:240)
	at $Proxy28.createQuery(Unknown Source)
	... 44 more
testFindAllFamilys(net.opentemperament.entities.FamilyIntegrationTest)  Time elapsed: 0.003 sec  &amp;lt;&amp;lt;&amp;lt; ERROR!
org.springframework.dao.InvalidDataAccessApiUsageException: An error occurred while parsing the query filter &quot;select o from Family o&quot;. Error message: The name &quot;Family&quot; is not a recognized entity or identifier. Known entity names: []; nested exception is &amp;lt;openjpa-2.0.0-r422266:935683 nonfatal user error&amp;gt; org.apache.openjpa.persistence.ArgumentException: An error occurred while parsing the query filter &quot;select o from Family o&quot;. Error message: The name &quot;Family&quot; is not a recognized entity or identifier. Known entity names: []
	at org.springframework.orm.jpa.EntityManagerFactoryUtils.convertJpaAccessExceptionIfPossible(EntityManagerFactoryUtils.java:286)
	at org.springframework.orm.jpa.aspectj.JpaExceptionTranslatorAspect.ajc$afterThrowing$org_springframework_orm_jpa_aspectj_JpaExceptionTranslatorAspect$1$18a1ac9(JpaExceptionTranslatorAspect.aj:15)
	at net.opentemperament.entities.Family_Roo_Entity.findFamilyEntries_aroundBody8(Family_Roo_Entity.aj:103)
	at net.opentemperament.entities.Family_Roo_Entity.ajc$interMethod$net_opentemperament_entities_Family_Roo_Entity$net_opentemperament_entities_Family$findFamilyEntries(Family_Roo_Entity.aj:1)
	at net.opentemperament.entities.Family.findFamilyEntries(Family.java:1)
	at net.opentemperament.entities.Family_Roo_Entity.ajc$interMethodDispatch1$net_opentemperament_entities_Family_Roo_Entity$net_opentemperament_entities_Family$findFamilyEntries(Family_Roo_Entity.aj)
	at net.opentemperament.entities.FamilyDataOnDemand_Roo_DataOnDemand.ajc$interMethod$net_opentemperament_entities_FamilyDataOnDemand_Roo_DataOnDemand$net_opentemperament_entities_FamilyDataOnDemand$init(FamilyDataOnDemand_Roo_DataOnDemand.aj:51)
	at net.opentemperament.entities.FamilyDataOnDemand.init(FamilyDataOnDemand.java:1)
	at net.opentemperament.entities.FamilyDataOnDemand_Roo_DataOnDemand.ajc$interMethodDispatch1$net_opentemperament_entities_FamilyDataOnDemand_Roo_DataOnDemand$net_opentemperament_entities_FamilyDataOnDemand$init(FamilyDataOnDemand_Roo_DataOnDemand.aj)
	at net.opentemperament.entities.FamilyDataOnDemand_Roo_DataOnDemand.ajc$interMethod$net_opentemperament_entities_FamilyDataOnDemand_Roo_DataOnDemand$net_opentemperament_entities_FamilyDataOnDemand$getRandomFamily(FamilyDataOnDemand_Roo_DataOnDemand.aj:36)
	at net.opentemperament.entities.FamilyDataOnDemand.getRandomFamily(FamilyDataOnDemand.java:1)
	at net.opentemperament.entities.FamilyDataOnDemand_Roo_DataOnDemand.ajc$interMethodDispatch1$net_opentemperament_entities_FamilyDataOnDemand_Roo_DataOnDemand$net_opentemperament_entities_FamilyDataOnDemand$getRandomFamily(FamilyDataOnDemand_Roo_DataOnDemand.aj)
	at net.opentemperament.entities.FamilyIntegrationTest_Roo_IntegrationTest.ajc$interMethod$net_opentemperament_entities_FamilyIntegrationTest_Roo_IntegrationTest$net_opentemperament_entities_FamilyIntegrationTest$testFindAllFamilys(FamilyIntegrationTest_Roo_IntegrationTest.aj:43)
	at net.opentemperament.entities.FamilyIntegrationTest.testFindAllFamilys(FamilyIntegrationTest.java:1)
	at sun.reflect.NativeMethodAccessorImpl.invoke0(Native Method)
	at sun.reflect.NativeMethodAccessorImpl.invoke(NativeMethodAccessorImpl.java:39)
	at sun.reflect.DelegatingMethodAccessorImpl.invoke(DelegatingMethodAccessorImpl.java:25)
	at java.lang.reflect.Method.invoke(Method.java:597)
	at org.junit.runners.model.FrameworkMethod$1.runReflectiveCall(FrameworkMethod.java:44)
	at org.junit.internal.runners.model.ReflectiveCallable.run(ReflectiveCallable.java:15)
	at org.junit.runners.model.FrameworkMethod.invokeExplosively(FrameworkMethod.java:41)
	at org.junit.internal.runners.statements.InvokeMethod.evaluate(InvokeMethod.java:20)
	at org.springframework.test.context.junit4.statements.RunBeforeTestMethodCallbacks.evaluate(RunBeforeTestMethodCallbacks.java:74)
	at org.springframework.test.context.junit4.statements.RunAfterTestMethodCallbacks.evaluate(RunAfterTestMethodCallbacks.java:82)
	at org.springframework.test.context.junit4.statements.SpringRepeat.evaluate(SpringRepeat.java:72)
	at org.springframework.test.context.junit4.SpringJUnit4ClassRunner.runChild(SpringJUnit4ClassRunner.java:240)
	at org.junit.runners.BlockJUnit4ClassRunner.runChild(BlockJUnit4ClassRunner.java:50)
	at org.junit.runners.ParentRunner$3.run(ParentRunner.java:193)
	at org.junit.runners.ParentRunner$1.schedule(ParentRunner.java:52)
	at org.junit.runners.ParentRunner.runChildren(ParentRunner.java:191)
	at org.junit.runners.ParentRunner.access$000(ParentRunner.java:42)
	at org.junit.runners.ParentRunner$2.evaluate(ParentRunner.java:184)
	at org.springframework.test.context.junit4.statements.RunBeforeTestClassCallbacks.evaluate(RunBeforeTestClassCallbacks.java:61)
	at org.springframework.test.context.junit4.statements.RunAfterTestClassCallbacks.evaluate(RunAfterTestClassCallbacks.java:70)
	at org.junit.runners.ParentRunner.run(ParentRunner.java:236)
	at org.springframework.test.context.junit4.SpringJUnit4ClassRunner.run(SpringJUnit4ClassRunner.java:180)
	at org.apache.maven.surefire.junit4.JUnit4TestSet.execute(JUnit4TestSet.java:59)
	at org.apache.maven.surefire.suite.AbstractDirectoryTestSuite.executeTestSet(AbstractDirectoryTestSuite.java:115)
	at org.apache.maven.surefire.suite.AbstractDirectoryTestSuite.execute(AbstractDirectoryTestSuite.java:102)
	at org.apache.maven.surefire.Surefire.run(Surefire.java:180)
	at sun.reflect.NativeMethodAccessorImpl.invoke0(Native Method)
	at sun.reflect.NativeMethodAccessorImpl.invoke(NativeMethodAccessorImpl.java:39)
	at sun.reflect.DelegatingMethodAccessorImpl.invoke(DelegatingMethodAccessorImpl.java:25)
	at java.lang.reflect.Method.invoke(Method.java:597)
	at org.apache.maven.surefire.booter.SurefireBooter.runSuitesInProcess(SurefireBooter.java:350)
	at org.apache.maven.surefire.booter.SurefireBooter.main(SurefireBooter.java:1021)
Caused by: &amp;lt;openjpa-2.0.0-r422266:935683 nonfatal user error&amp;gt; org.apache.openjpa.persistence.ArgumentException: An error occurred while parsing the query filter &quot;select o from Family o&quot;. Error message: The name &quot;Family&quot; is not a recognized entity or identifier. Known entity names: []
	at org.apache.openjpa.kernel.exps.AbstractExpressionBuilder.parseException(AbstractExpressionBuilder.java:119)
	at org.apache.openjpa.kernel.jpql.JPQLExpressionBuilder.getClassMetaData(JPQLExpressionBuilder.java:197)
	at org.apache.openjpa.kernel.jpql.JPQLExpressionBuilder.resolveClassMetaData(JPQLExpressionBuilder.java:167)
	at org.apache.openjpa.kernel.jpql.JPQLExpressionBuilder.getCandidateMetaData(JPQLExpressionBuilder.java:242)
	at org.apache.openjpa.kernel.jpql.JPQLExpressionBuilder.getCandidateMetaData(JPQLExpressionBuilder.java:212)
	at org.apache.openjpa.kernel.jpql.JPQLExpressionBuilder.getCandidateType(JPQLExpressionBuilder.java:205)
	at org.apache.openjpa.kernel.jpql.JPQLExpressionBuilder.access$200(JPQLExpressionBuilder.java:81)
	at org.apache.openjpa.kernel.jpql.JPQLExpressionBuilder$ParsedJPQL.populate(JPQLExpressionBuilder.java:2387)
	at org.apache.openjpa.kernel.jpql.JPQLParser.populate(JPQLParser.java:61)
	at org.apache.openjpa.kernel.ExpressionStoreQuery.populateFromCompilation(ExpressionStoreQuery.java:154)
	at org.apache.openjpa.kernel.QueryImpl.newCompilation(QueryImpl.java:671)
	at org.apache.openjpa.kernel.QueryImpl.compilationFromCache(QueryImpl.java:652)
	at org.apache.openjpa.kernel.QueryImpl.compileForCompilation(QueryImpl.java:618)
	at org.apache.openjpa.kernel.QueryImpl.compileForExecutor(QueryImpl.java:680)
	at org.apache.openjpa.kernel.QueryImpl.compile(QueryImpl.java:587)
	at org.apache.openjpa.persistence.EntityManagerImpl.createQuery(EntityManagerImpl.java:985)
	at org.apache.openjpa.persistence.EntityManagerImpl.createQuery(EntityManagerImpl.java:971)
	at org.apache.openjpa.persistence.EntityManagerImpl.createQuery(EntityManagerImpl.java:100)
	at sun.reflect.NativeMethodAccessorImpl.invoke0(Native Method)
	at sun.reflect.NativeMethodAccessorImpl.invoke(NativeMethodAccessorImpl.java:39)
	at sun.reflect.DelegatingMethodAccessorImpl.invoke(DelegatingMethodAccessorImpl.java:25)
	at java.lang.reflect.Method.invoke(Method.java:597)
	at org.springframework.orm.jpa.SharedEntityManagerCreator$SharedEntityManagerInvocationHandler.invoke(SharedEntityManagerCreator.java:240)
	at $Proxy28.createQuery(Unknown Source)
	... 44 more
testFindFamilyEntries(net.opentemperament.entities.FamilyIntegrationTest)  Time elapsed: 0.003 sec  &amp;lt;&amp;lt;&amp;lt; ERROR!
org.springframework.dao.InvalidDataAccessApiUsageException: An error occurred while parsing the query filter &quot;select o from Family o&quot;. Error message: The name &quot;Family&quot; is not a recognized entity or identifier. Known entity names: []; nested exception is &amp;lt;openjpa-2.0.0-r422266:935683 nonfatal user error&amp;gt; org.apache.openjpa.persistence.ArgumentException: An error occurred while parsing the query filter &quot;select o from Family o&quot;. Error message: The name &quot;Family&quot; is not a recognized entity or identifier. Known entity names: []
	at org.springframework.orm.jpa.EntityManagerFactoryUtils.convertJpaAccessExceptionIfPossible(EntityManagerFactoryUtils.java:286)
	at org.springframework.orm.jpa.aspectj.JpaExceptionTranslatorAspect.ajc$afterThrowing$org_springframework_orm_jpa_aspectj_JpaExceptionTranslatorAspect$1$18a1ac9(JpaExceptionTranslatorAspect.aj:15)
	at net.opentemperament.entities.Family_Roo_Entity.findFamilyEntries_aroundBody8(Family_Roo_Entity.aj:103)
	at net.opentemperament.entities.Family_Roo_Entity.ajc$interMethod$net_opentemperament_entities_Family_Roo_Entity$net_opentemperament_entities_Family$findFamilyEntries(Family_Roo_Entity.aj:1)
	at net.opentemperament.entities.Family.findFamilyEntries(Family.java:1)
	at net.opentemperament.entities.Family_Roo_Entity.ajc$interMethodDispatch1$net_opentemperament_entities_Family_Roo_Entity$net_opentemperament_entities_Family$findFamilyEntries(Family_Roo_Entity.aj)
	at net.opentemperament.entities.FamilyDataOnDemand_Roo_DataOnDemand.ajc$interMethod$net_opentemperament_entities_FamilyDataOnDemand_Roo_DataOnDemand$net_opentemperament_entities_FamilyDataOnDemand$init(FamilyDataOnDemand_Roo_DataOnDemand.aj:51)
	at net.opentemperament.entities.FamilyDataOnDemand.init(FamilyDataOnDemand.java:1)
	at net.opentemperament.entities.FamilyDataOnDemand_Roo_DataOnDemand.ajc$interMethodDispatch1$net_opentemperament_entities_FamilyDataOnDemand_Roo_DataOnDemand$net_opentemperament_entities_FamilyDataOnDemand$init(FamilyDataOnDemand_Roo_DataOnDemand.aj)
	at net.opentemperament.entities.FamilyDataOnDemand_Roo_DataOnDemand.ajc$interMethod$net_opentemperament_entities_FamilyDataOnDemand_Roo_DataOnDemand$net_opentemperament_entities_FamilyDataOnDemand$getRandomFamily(FamilyDataOnDemand_Roo_DataOnDemand.aj:36)
	at net.opentemperament.entities.FamilyDataOnDemand.getRandomFamily(FamilyDataOnDemand.java:1)
	at net.opentemperament.entities.FamilyDataOnDemand_Roo_DataOnDemand.ajc$interMethodDispatch1$net_opentemperament_entities_FamilyDataOnDemand_Roo_DataOnDemand$net_opentemperament_entities_FamilyDataOnDemand$getRandomFamily(FamilyDataOnDemand_Roo_DataOnDemand.aj)
	at net.opentemperament.entities.FamilyIntegrationTest_Roo_IntegrationTest.ajc$interMethod$net_opentemperament_entities_FamilyIntegrationTest_Roo_IntegrationTest$net_opentemperament_entities_FamilyIntegrationTest$testFindFamilyEntries(FamilyIntegrationTest_Roo_IntegrationTest.aj:53)
	at net.opentemperament.entities.FamilyIntegrationTest.testFindFamilyEntries(FamilyIntegrationTest.java:1)
	at sun.reflect.NativeMethodAccessorImpl.invoke0(Native Method)
	at sun.reflect.NativeMethodAccessorImpl.invoke(NativeMethodAccessorImpl.java:39)
	at sun.reflect.DelegatingMethodAccessorImpl.invoke(DelegatingMethodAccessorImpl.java:25)
	at java.lang.reflect.Method.invoke(Method.java:597)
	at org.junit.runners.model.FrameworkMethod$1.runReflectiveCall(FrameworkMethod.java:44)
	at org.junit.internal.runners.model.ReflectiveCallable.run(ReflectiveCallable.java:15)
	at org.junit.runners.model.FrameworkMethod.invokeExplosively(FrameworkMethod.java:41)
	at org.junit.internal.runners.statements.InvokeMethod.evaluate(InvokeMethod.java:20)
	at org.springframework.test.context.junit4.statements.RunBeforeTestMethodCallbacks.evaluate(RunBeforeTestMethodCallbacks.java:74)
	at org.springframework.test.context.junit4.statements.RunAfterTestMethodCallbacks.evaluate(RunAfterTestMethodCallbacks.java:82)
	at org.springframework.test.context.junit4.statements.SpringRepeat.evaluate(SpringRepeat.java:72)
	at org.springframework.test.context.junit4.SpringJUnit4ClassRunner.runChild(SpringJUnit4ClassRunner.java:240)
	at org.junit.runners.BlockJUnit4ClassRunner.runChild(BlockJUnit4ClassRunner.java:50)
	at org.junit.runners.ParentRunner$3.run(ParentRunner.java:193)
	at org.junit.runners.ParentRunner$1.schedule(ParentRunner.java:52)
	at org.junit.runners.ParentRunner.runChildren(ParentRunner.java:191)
	at org.junit.runners.ParentRunner.access$000(ParentRunner.java:42)
	at org.junit.runners.ParentRunner$2.evaluate(ParentRunner.java:184)
	at org.springframework.test.context.junit4.statements.RunBeforeTestClassCallbacks.evaluate(RunBeforeTestClassCallbacks.java:61)
	at org.springframework.test.context.junit4.statements.RunAfterTestClassCallbacks.evaluate(RunAfterTestClassCallbacks.java:70)
	at org.junit.runners.ParentRunner.run(ParentRunner.java:236)
	at org.springframework.test.context.junit4.SpringJUnit4ClassRunner.run(SpringJUnit4ClassRunner.java:180)
	at org.apache.maven.surefire.junit4.JUnit4TestSet.execute(JUnit4TestSet.java:59)
	at org.apache.maven.surefire.suite.AbstractDirectoryTestSuite.executeTestSet(AbstractDirectoryTestSuite.java:115)
	at org.apache.maven.surefire.suite.AbstractDirectoryTestSuite.execute(AbstractDirectoryTestSuite.java:102)
	at org.apache.maven.surefire.Surefire.run(Surefire.java:180)
	at sun.reflect.NativeMethodAccessorImpl.invoke0(Native Method)
	at sun.reflect.NativeMethodAccessorImpl.invoke(NativeMethodAccessorImpl.java:39)
	at sun.reflect.DelegatingMethodAccessorImpl.invoke(DelegatingMethodAccessorImpl.java:25)
	at java.lang.reflect.Method.invoke(Method.java:597)
	at org.apache.maven.surefire.booter.SurefireBooter.runSuitesInProcess(SurefireBooter.java:350)
	at org.apache.maven.surefire.booter.SurefireBooter.main(SurefireBooter.java:1021)
Caused by: &amp;lt;openjpa-2.0.0-r422266:935683 nonfatal user error&amp;gt; org.apache.openjpa.persistence.ArgumentException: An error occurred while parsing the query filter &quot;select o from Family o&quot;. Error message: The name &quot;Family&quot; is not a recognized entity or identifier. Known entity names: []
	at org.apache.openjpa.kernel.exps.AbstractExpressionBuilder.parseException(AbstractExpressionBuilder.java:119)
	at org.apache.openjpa.kernel.jpql.JPQLExpressionBuilder.getClassMetaData(JPQLExpressionBuilder.java:197)
	at org.apache.openjpa.kernel.jpql.JPQLExpressionBuilder.resolveClassMetaData(JPQLExpressionBuilder.java:167)
	at org.apache.openjpa.kernel.jpql.JPQLExpressionBuilder.getCandidateMetaData(JPQLExpressionBuilder.java:242)
	at org.apache.openjpa.kernel.jpql.JPQLExpressionBuilder.getCandidateMetaData(JPQLExpressionBuilder.java:212)
	at org.apache.openjpa.kernel.jpql.JPQLExpressionBuilder.getCandidateType(JPQLExpressionBuilder.java:205)
	at org.apache.openjpa.kernel.jpql.JPQLExpressionBuilder.access$200(JPQLExpressionBuilder.java:81)
	at org.apache.openjpa.kernel.jpql.JPQLExpressionBuilder$ParsedJPQL.populate(JPQLExpressionBuilder.java:2387)
	at org.apache.openjpa.kernel.jpql.JPQLParser.populate(JPQLParser.java:61)
	at org.apache.openjpa.kernel.ExpressionStoreQuery.populateFromCompilation(ExpressionStoreQuery.java:154)
	at org.apache.openjpa.kernel.QueryImpl.newCompilation(QueryImpl.java:671)
	at org.apache.openjpa.kernel.QueryImpl.compilationFromCache(QueryImpl.java:652)
	at org.apache.openjpa.kernel.QueryImpl.compileForCompilation(QueryImpl.java:618)
	at org.apache.openjpa.kernel.QueryImpl.compileForExecutor(QueryImpl.java:680)
	at org.apache.openjpa.kernel.QueryImpl.compile(QueryImpl.java:587)
	at org.apache.openjpa.persistence.EntityManagerImpl.createQuery(EntityManagerImpl.java:985)
	at org.apache.openjpa.persistence.EntityManagerImpl.createQuery(EntityManagerImpl.java:971)
	at org.apache.openjpa.persistence.EntityManagerImpl.createQuery(EntityManagerImpl.java:100)
	at sun.reflect.NativeMethodAccessorImpl.invoke0(Native Method)
	at sun.reflect.NativeMethodAccessorImpl.invoke(NativeMethodAccessorImpl.java:39)
	at sun.reflect.DelegatingMethodAccessorImpl.invoke(DelegatingMethodAccessorImpl.java:25)
	at java.lang.reflect.Method.invoke(Method.java:597)
	at org.springframework.orm.jpa.SharedEntityManagerCreator$SharedEntityManagerInvocationHandler.invoke(SharedEntityManagerCreator.java:240)
	at $Proxy28.createQuery(Unknown Source)
	... 44 more
testFlush(net.opentemperament.entities.FamilyIntegrationTest)  Time elapsed: 0.007 sec  &amp;lt;&amp;lt;&amp;lt; ERROR!
org.springframework.dao.InvalidDataAccessApiUsageException: An error occurred while parsing the query filter &quot;select o from Family o&quot;. Error message: The name &quot;Family&quot; is not a recognized entity or identifier. Known entity names: []; nested exception is &amp;lt;openjpa-2.0.0-r422266:935683 nonfatal user error&amp;gt; org.apache.openjpa.persistence.ArgumentException: An error occurred while parsing the query filter &quot;select o from Family o&quot;. Error message: The name &quot;Family&quot; is not a recognized entity or identifier. Known entity names: []
	at org.springframework.orm.jpa.EntityManagerFactoryUtils.convertJpaAccessExceptionIfPossible(EntityManagerFactoryUtils.java:286)
	at org.springframework.orm.jpa.aspectj.JpaExceptionTranslatorAspect.ajc$afterThrowing$org_springframework_orm_jpa_aspectj_JpaExceptionTranslatorAspect$1$18a1ac9(JpaExceptionTranslatorAspect.aj:15)
	at net.opentemperament.entities.Family_Roo_Entity.findFamilyEntries_aroundBody8(Family_Roo_Entity.aj:103)
	at net.opentemperament.entities.Family_Roo_Entity.ajc$interMethod$net_opentemperament_entities_Family_Roo_Entity$net_opentemperament_entities_Family$findFamilyEntries(Family_Roo_Entity.aj:1)
	at net.opentemperament.entities.Family.findFamilyEntries(Family.java:1)
	at net.opentemperament.entities.Family_Roo_Entity.ajc$interMethodDispatch1$net_opentemperament_entities_Family_Roo_Entity$net_opentemperament_entities_Family$findFamilyEntries(Family_Roo_Entity.aj)
	at net.opentemperament.entities.FamilyDataOnDemand_Roo_DataOnDemand.ajc$interMethod$net_opentemperament_entities_FamilyDataOnDemand_Roo_DataOnDemand$net_opentemperament_entities_FamilyDataOnDemand$init(FamilyDataOnDemand_Roo_DataOnDemand.aj:51)
	at net.opentemperament.entities.FamilyDataOnDemand.init(FamilyDataOnDemand.java:1)
	at net.opentemperament.entities.FamilyDataOnDemand_Roo_DataOnDemand.ajc$interMethodDispatch1$net_opentemperament_entities_FamilyDataOnDemand_Roo_DataOnDemand$net_opentemperament_entities_FamilyDataOnDemand$init(FamilyDataOnDemand_Roo_DataOnDemand.aj)
	at net.opentemperament.entities.FamilyDataOnDemand_Roo_DataOnDemand.ajc$interMethod$net_opentemperament_entities_FamilyDataOnDemand_Roo_DataOnDemand$net_opentemperament_entities_FamilyDataOnDemand$getRandomFamily(FamilyDataOnDemand_Roo_DataOnDemand.aj:36)
	at net.opentemperament.entities.FamilyDataOnDemand.getRandomFamily(FamilyDataOnDemand.java:1)
	at net.opentemperament.entities.FamilyDataOnDemand_Roo_DataOnDemand.ajc$interMethodDispatch1$net_opentemperament_entities_FamilyDataOnDemand_Roo_DataOnDemand$net_opentemperament_entities_FamilyDataOnDemand$getRandomFamily(FamilyDataOnDemand_Roo_DataOnDemand.aj)
	at net.opentemperament.entities.FamilyIntegrationTest_Roo_IntegrationTest.ajc$interMethod$net_opentemperament_entities_FamilyIntegrationTest_Roo_IntegrationTest$net_opentemperament_entities_FamilyIntegrationTest$testFlush(FamilyIntegrationTest_Roo_IntegrationTest.aj:64)
	at net.opentemperament.entities.FamilyIntegrationTest.testFlush(FamilyIntegrationTest.java:1)
	at sun.reflect.NativeMethodAccessorImpl.invoke0(Native Method)
	at sun.reflect.NativeMethodAccessorImpl.invoke(NativeMethodAccessorImpl.java:39)
	at sun.reflect.DelegatingMethodAccessorImpl.invoke(DelegatingMethodAccessorImpl.java:25)
	at java.lang.reflect.Method.invoke(Method.java:597)
	at org.junit.runners.model.FrameworkMethod$1.runReflectiveCall(FrameworkMethod.java:44)
	at org.junit.internal.runners.model.ReflectiveCallable.run(ReflectiveCallable.java:15)
	at org.junit.runners.model.FrameworkMethod.invokeExplosively(FrameworkMethod.java:41)
	at org.junit.internal.runners.statements.InvokeMethod.evaluate(InvokeMethod.java:20)
	at org.springframework.test.context.junit4.statements.RunBeforeTestMethodCallbacks.evaluate(RunBeforeTestMethodCallbacks.java:74)
	at org.springframework.test.context.junit4.statements.RunAfterTestMethodCallbacks.evaluate(RunAfterTestMethodCallbacks.java:82)
	at org.springframework.test.context.junit4.statements.SpringRepeat.evaluate(SpringRepeat.java:72)
	at org.springframework.test.context.junit4.SpringJUnit4ClassRunner.runChild(SpringJUnit4ClassRunner.java:240)
	at org.junit.runners.BlockJUnit4ClassRunner.runChild(BlockJUnit4ClassRunner.java:50)
	at org.junit.runners.ParentRunner$3.run(ParentRunner.java:193)
	at org.junit.runners.ParentRunner$1.schedule(ParentRunner.java:52)
	at org.junit.runners.ParentRunner.runChildren(ParentRunner.java:191)
	at org.junit.runners.ParentRunner.access$000(ParentRunner.java:42)
	at org.junit.runners.ParentRunner$2.evaluate(ParentRunner.java:184)
	at org.springframework.test.context.junit4.statements.RunBeforeTestClassCallbacks.evaluate(RunBeforeTestClassCallbacks.java:61)
	at org.springframework.test.context.junit4.statements.RunAfterTestClassCallbacks.evaluate(RunAfterTestClassCallbacks.java:70)
	at org.junit.runners.ParentRunner.run(ParentRunner.java:236)
	at org.springframework.test.context.junit4.SpringJUnit4ClassRunner.run(SpringJUnit4ClassRunner.java:180)
	at org.apache.maven.surefire.junit4.JUnit4TestSet.execute(JUnit4TestSet.java:59)
	at org.apache.maven.surefire.suite.AbstractDirectoryTestSuite.executeTestSet(AbstractDirectoryTestSuite.java:115)
	at org.apache.maven.surefire.suite.AbstractDirectoryTestSuite.execute(AbstractDirectoryTestSuite.java:102)
	at org.apache.maven.surefire.Surefire.run(Surefire.java:180)
	at sun.reflect.NativeMethodAccessorImpl.invoke0(Native Method)
	at sun.reflect.NativeMethodAccessorImpl.invoke(NativeMethodAccessorImpl.java:39)
	at sun.reflect.DelegatingMethodAccessorImpl.invoke(DelegatingMethodAccessorImpl.java:25)
	at java.lang.reflect.Method.invoke(Method.java:597)
	at org.apache.maven.surefire.booter.SurefireBooter.runSuitesInProcess(SurefireBooter.java:350)
	at org.apache.maven.surefire.booter.SurefireBooter.main(SurefireBooter.java:1021)
Caused by: &amp;lt;openjpa-2.0.0-r422266:935683 nonfatal user error&amp;gt; org.apache.openjpa.persistence.ArgumentException: An error occurred while parsing the query filter &quot;select o from Family o&quot;. Error message: The name &quot;Family&quot; is not a recognized entity or identifier. Known entity names: []
	at org.apache.openjpa.kernel.exps.AbstractExpressionBuilder.parseException(AbstractExpressionBuilder.java:119)
	at org.apache.openjpa.kernel.jpql.JPQLExpressionBuilder.getClassMetaData(JPQLExpressionBuilder.java:197)
	at org.apache.openjpa.kernel.jpql.JPQLExpressionBuilder.resolveClassMetaData(JPQLExpressionBuilder.java:167)
	at org.apache.openjpa.kernel.jpql.JPQLExpressionBuilder.getCandidateMetaData(JPQLExpressionBuilder.java:242)
	at org.apache.openjpa.kernel.jpql.JPQLExpressionBuilder.getCandidateMetaData(JPQLExpressionBuilder.java:212)
	at org.apache.openjpa.kernel.jpql.JPQLExpressionBuilder.getCandidateType(JPQLExpressionBuilder.java:205)
	at org.apache.openjpa.kernel.jpql.JPQLExpressionBuilder.access$200(JPQLExpressionBuilder.java:81)
	at org.apache.openjpa.kernel.jpql.JPQLExpressionBuilder$ParsedJPQL.populate(JPQLExpressionBuilder.java:2387)
	at org.apache.openjpa.kernel.jpql.JPQLParser.populate(JPQLParser.java:61)
	at org.apache.openjpa.kernel.ExpressionStoreQuery.populateFromCompilation(ExpressionStoreQuery.java:154)
	at org.apache.openjpa.kernel.QueryImpl.newCompilation(QueryImpl.java:671)
	at org.apache.openjpa.kernel.QueryImpl.compilationFromCache(QueryImpl.java:652)
	at org.apache.openjpa.kernel.QueryImpl.compileForCompilation(QueryImpl.java:618)
	at org.apache.openjpa.kernel.QueryImpl.compileForExecutor(QueryImpl.java:680)
	at org.apache.openjpa.kernel.QueryImpl.compile(QueryImpl.java:587)
	at org.apache.openjpa.persistence.EntityManagerImpl.createQuery(EntityManagerImpl.java:985)
	at org.apache.openjpa.persistence.EntityManagerImpl.createQuery(EntityManagerImpl.java:971)
	at org.apache.openjpa.persistence.EntityManagerImpl.createQuery(EntityManagerImpl.java:100)
	at sun.reflect.NativeMethodAccessorImpl.invoke0(Native Method)
	at sun.reflect.NativeMethodAccessorImpl.invoke(NativeMethodAccessorImpl.java:39)
	at sun.reflect.DelegatingMethodAccessorImpl.invoke(DelegatingMethodAccessorImpl.java:25)
	at java.lang.reflect.Method.invoke(Method.java:597)
	at org.springframework.orm.jpa.SharedEntityManagerCreator$SharedEntityManagerInvocationHandler.invoke(SharedEntityManagerCreator.java:240)
	at $Proxy28.createQuery(Unknown Source)
	... 44 more
testMerge(net.opentemperament.entities.FamilyIntegrationTest)  Time elapsed: 0.004 sec  &amp;lt;&amp;lt;&amp;lt; ERROR!
org.springframework.dao.InvalidDataAccessApiUsageException: An error occurred while parsing the query filter &quot;select o from Family o&quot;. Error message: The name &quot;Family&quot; is not a recognized entity or identifier. Known entity names: []; nested exception is &amp;lt;openjpa-2.0.0-r422266:935683 nonfatal user error&amp;gt; org.apache.openjpa.persistence.ArgumentException: An error occurred while parsing the query filter &quot;select o from Family o&quot;. Error message: The name &quot;Family&quot; is not a recognized entity or identifier. Known entity names: []
	at org.springframework.orm.jpa.EntityManagerFactoryUtils.convertJpaAccessExceptionIfPossible(EntityManagerFactoryUtils.java:286)
	at org.springframework.orm.jpa.aspectj.JpaExceptionTranslatorAspect.ajc$afterThrowing$org_springframework_orm_jpa_aspectj_JpaExceptionTranslatorAspect$1$18a1ac9(JpaExceptionTranslatorAspect.aj:15)
	at net.opentemperament.entities.Family_Roo_Entity.findFamilyEntries_aroundBody8(Family_Roo_Entity.aj:103)
	at net.opentemperament.entities.Family_Roo_Entity.ajc$interMethod$net_opentemperament_entities_Family_Roo_Entity$net_opentemperament_entities_Family$findFamilyEntries(Family_Roo_Entity.aj:1)
	at net.opentemperament.entities.Family.findFamilyEntries(Family.java:1)
	at net.opentemperament.entities.Family_Roo_Entity.ajc$interMethodDispatch1$net_opentemperament_entities_Family_Roo_Entity$net_opentemperament_entities_Family$findFamilyEntries(Family_Roo_Entity.aj)
	at net.opentemperament.entities.FamilyDataOnDemand_Roo_DataOnDemand.ajc$interMethod$net_opentemperament_entities_FamilyDataOnDemand_Roo_DataOnDemand$net_opentemperament_entities_FamilyDataOnDemand$init(FamilyDataOnDemand_Roo_DataOnDemand.aj:51)
	at net.opentemperament.entities.FamilyDataOnDemand.init(FamilyDataOnDemand.java:1)
	at net.opentemperament.entities.FamilyDataOnDemand_Roo_DataOnDemand.ajc$interMethodDispatch1$net_opentemperament_entities_FamilyDataOnDemand_Roo_DataOnDemand$net_opentemperament_entities_FamilyDataOnDemand$init(FamilyDataOnDemand_Roo_DataOnDemand.aj)
	at net.opentemperament.entities.FamilyDataOnDemand_Roo_DataOnDemand.ajc$interMethod$net_opentemperament_entities_FamilyDataOnDemand_Roo_DataOnDemand$net_opentemperament_entities_FamilyDataOnDemand$getRandomFamily(FamilyDataOnDemand_Roo_DataOnDemand.aj:36)
	at net.opentemperament.entities.FamilyDataOnDemand.getRandomFamily(FamilyDataOnDemand.java:1)
	at net.opentemperament.entities.FamilyDataOnDemand_Roo_DataOnDemand.ajc$interMethodDispatch1$net_opentemperament_entities_FamilyDataOnDemand_Roo_DataOnDemand$net_opentemperament_entities_FamilyDataOnDemand$getRandomFamily(FamilyDataOnDemand_Roo_DataOnDemand.aj)
	at net.opentemperament.entities.FamilyIntegrationTest_Roo_IntegrationTest.ajc$interMethod$net_opentemperament_entities_FamilyIntegrationTest_Roo_IntegrationTest$net_opentemperament_entities_FamilyIntegrationTest$testMerge(FamilyIntegrationTest_Roo_IntegrationTest.aj:79)
	at net.opentemperament.entities.FamilyIntegrationTest.testMerge(FamilyIntegrationTest.java:1)
	at sun.reflect.NativeMethodAccessorImpl.invoke0(Native Method)
	at sun.reflect.NativeMethodAccessorImpl.invoke(NativeMethodAccessorImpl.java:39)
	at sun.reflect.DelegatingMethodAccessorImpl.invoke(DelegatingMethodAccessorImpl.java:25)
	at java.lang.reflect.Method.invoke(Method.java:597)
	at org.junit.runners.model.FrameworkMethod$1.runReflectiveCall(FrameworkMethod.java:44)
	at org.junit.internal.runners.model.ReflectiveCallable.run(ReflectiveCallable.java:15)
	at org.junit.runners.model.FrameworkMethod.invokeExplosively(FrameworkMethod.java:41)
	at org.junit.internal.runners.statements.InvokeMethod.evaluate(InvokeMethod.java:20)
	at org.springframework.test.context.junit4.statements.RunBeforeTestMethodCallbacks.evaluate(RunBeforeTestMethodCallbacks.java:74)
	at org.springframework.test.context.junit4.statements.RunAfterTestMethodCallbacks.evaluate(RunAfterTestMethodCallbacks.java:82)
	at org.springframework.test.context.junit4.statements.SpringRepeat.evaluate(SpringRepeat.java:72)
	at org.springframework.test.context.junit4.SpringJUnit4ClassRunner.runChild(SpringJUnit4ClassRunner.java:240)
	at org.junit.runners.BlockJUnit4ClassRunner.runChild(BlockJUnit4ClassRunner.java:50)
	at org.junit.runners.ParentRunner$3.run(ParentRunner.java:193)
	at org.junit.runners.ParentRunner$1.schedule(ParentRunner.java:52)
	at org.junit.runners.ParentRunner.runChildren(ParentRunner.java:191)
	at org.junit.runners.ParentRunner.access$000(ParentRunner.java:42)
	at org.junit.runners.ParentRunner$2.evaluate(ParentRunner.java:184)
	at org.springframework.test.context.junit4.statements.RunBeforeTestClassCallbacks.evaluate(RunBeforeTestClassCallbacks.java:61)
	at org.springframework.test.context.junit4.statements.RunAfterTestClassCallbacks.evaluate(RunAfterTestClassCallbacks.java:70)
	at org.junit.runners.ParentRunner.run(ParentRunner.java:236)
	at org.springframework.test.context.junit4.SpringJUnit4ClassRunner.run(SpringJUnit4ClassRunner.java:180)
	at org.apache.maven.surefire.junit4.JUnit4TestSet.execute(JUnit4TestSet.java:59)
	at org.apache.maven.surefire.suite.AbstractDirectoryTestSuite.executeTestSet(AbstractDirectoryTestSuite.java:115)
	at org.apache.maven.surefire.suite.AbstractDirectoryTestSuite.execute(AbstractDirectoryTestSuite.java:102)
	at org.apache.maven.surefire.Surefire.run(Surefire.java:180)
	at sun.reflect.NativeMethodAccessorImpl.invoke0(Native Method)
	at sun.reflect.NativeMethodAccessorImpl.invoke(NativeMethodAccessorImpl.java:39)
	at sun.reflect.DelegatingMethodAccessorImpl.invoke(DelegatingMethodAccessorImpl.java:25)
	at java.lang.reflect.Method.invoke(Method.java:597)
	at org.apache.maven.surefire.booter.SurefireBooter.runSuitesInProcess(SurefireBooter.java:350)
	at org.apache.maven.surefire.booter.SurefireBooter.main(SurefireBooter.java:1021)
Caused by: &amp;lt;openjpa-2.0.0-r422266:935683 nonfatal user error&amp;gt; org.apache.openjpa.persistence.ArgumentException: An error occurred while parsing the query filter &quot;select o from Family o&quot;. Error message: The name &quot;Family&quot; is not a recognized entity or identifier. Known entity names: []
	at org.apache.openjpa.kernel.exps.AbstractExpressionBuilder.parseException(AbstractExpressionBuilder.java:119)
	at org.apache.openjpa.kernel.jpql.JPQLExpressionBuilder.getClassMetaData(JPQLExpressionBuilder.java:197)
	at org.apache.openjpa.kernel.jpql.JPQLExpressionBuilder.resolveClassMetaData(JPQLExpressionBuilder.java:167)
	at org.apache.openjpa.kernel.jpql.JPQLExpressionBuilder.getCandidateMetaData(JPQLExpressionBuilder.java:242)
	at org.apache.openjpa.kernel.jpql.JPQLExpressionBuilder.getCandidateMetaData(JPQLExpressionBuilder.java:212)
	at org.apache.openjpa.kernel.jpql.JPQLExpressionBuilder.getCandidateType(JPQLExpressionBuilder.java:205)
	at org.apache.openjpa.kernel.jpql.JPQLExpressionBuilder.access$200(JPQLExpressionBuilder.java:81)
	at org.apache.openjpa.kernel.jpql.JPQLExpressionBuilder$ParsedJPQL.populate(JPQLExpressionBuilder.java:2387)
	at org.apache.openjpa.kernel.jpql.JPQLParser.populate(JPQLParser.java:61)
	at org.apache.openjpa.kernel.ExpressionStoreQuery.populateFromCompilation(ExpressionStoreQuery.java:154)
	at org.apache.openjpa.kernel.QueryImpl.newCompilation(QueryImpl.java:671)
	at org.apache.openjpa.kernel.QueryImpl.compilationFromCache(QueryImpl.java:652)
	at org.apache.openjpa.kernel.QueryImpl.compileForCompilation(QueryImpl.java:618)
	at org.apache.openjpa.kernel.QueryImpl.compileForExecutor(QueryImpl.java:680)
	at org.apache.openjpa.kernel.QueryImpl.compile(QueryImpl.java:587)
	at org.apache.openjpa.persistence.EntityManagerImpl.createQuery(EntityManagerImpl.java:985)
	at org.apache.openjpa.persistence.EntityManagerImpl.createQuery(EntityManagerImpl.java:971)
	at org.apache.openjpa.persistence.EntityManagerImpl.createQuery(EntityManagerImpl.java:100)
	at sun.reflect.NativeMethodAccessorImpl.invoke0(Native Method)
	at sun.reflect.NativeMethodAccessorImpl.invoke(NativeMethodAccessorImpl.java:39)
	at sun.reflect.DelegatingMethodAccessorImpl.invoke(DelegatingMethodAccessorImpl.java:25)
	at java.lang.reflect.Method.invoke(Method.java:597)
	at org.springframework.orm.jpa.SharedEntityManagerCreator$SharedEntityManagerInvocationHandler.invoke(SharedEntityManagerCreator.java:240)
	at $Proxy28.createQuery(Unknown Source)
	... 44 more
testPersist(net.opentemperament.entities.FamilyIntegrationTest)  Time elapsed: 0.005 sec  &amp;lt;&amp;lt;&amp;lt; ERROR!
org.springframework.dao.InvalidDataAccessApiUsageException: An error occurred while parsing the query filter &quot;select o from Family o&quot;. Error message: The name &quot;Family&quot; is not a recognized entity or identifier. Known entity names: []; nested exception is &amp;lt;openjpa-2.0.0-r422266:935683 nonfatal user error&amp;gt; org.apache.openjpa.persistence.ArgumentException: An error occurred while parsing the query filter &quot;select o from Family o&quot;. Error message: The name &quot;Family&quot; is not a recognized entity or identifier. Known entity names: []
	at org.springframework.orm.jpa.EntityManagerFactoryUtils.convertJpaAccessExceptionIfPossible(EntityManagerFactoryUtils.java:286)
	at org.springframework.orm.jpa.aspectj.JpaExceptionTranslatorAspect.ajc$afterThrowing$org_springframework_orm_jpa_aspectj_JpaExceptionTranslatorAspect$1$18a1ac9(JpaExceptionTranslatorAspect.aj:15)
	at net.opentemperament.entities.Family_Roo_Entity.findFamilyEntries_aroundBody8(Family_Roo_Entity.aj:103)
	at net.opentemperament.entities.Family_Roo_Entity.ajc$interMethod$net_opentemperament_entities_Family_Roo_Entity$net_opentemperament_entities_Family$findFamilyEntries(Family_Roo_Entity.aj:1)
	at net.opentemperament.entities.Family.findFamilyEntries(Family.java:1)
	at net.opentemperament.entities.Family_Roo_Entity.ajc$interMethodDispatch1$net_opentemperament_entities_Family_Roo_Entity$net_opentemperament_entities_Family$findFamilyEntries(Family_Roo_Entity.aj)
	at net.opentemperament.entities.FamilyDataOnDemand_Roo_DataOnDemand.ajc$interMethod$net_opentemperament_entities_FamilyDataOnDemand_Roo_DataOnDemand$net_opentemperament_entities_FamilyDataOnDemand$init(FamilyDataOnDemand_Roo_DataOnDemand.aj:51)
	at net.opentemperament.entities.FamilyDataOnDemand.init(FamilyDataOnDemand.java:1)
	at net.opentemperament.entities.FamilyDataOnDemand_Roo_DataOnDemand.ajc$interMethodDispatch1$net_opentemperament_entities_FamilyDataOnDemand_Roo_DataOnDemand$net_opentemperament_entities_FamilyDataOnDemand$init(FamilyDataOnDemand_Roo_DataOnDemand.aj)
	at net.opentemperament.entities.FamilyDataOnDemand_Roo_DataOnDemand.ajc$interMethod$net_opentemperament_entities_FamilyDataOnDemand_Roo_DataOnDemand$net_opentemperament_entities_FamilyDataOnDemand$getRandomFamily(FamilyDataOnDemand_Roo_DataOnDemand.aj:36)
	at net.opentemperament.entities.FamilyDataOnDemand.getRandomFamily(FamilyDataOnDemand.java:1)
	at net.opentemperament.entities.FamilyDataOnDemand_Roo_DataOnDemand.ajc$interMethodDispatch1$net_opentemperament_entities_FamilyDataOnDemand_Roo_DataOnDemand$net_opentemperament_entities_FamilyDataOnDemand$getRandomFamily(FamilyDataOnDemand_Roo_DataOnDemand.aj)
	at net.opentemperament.entities.FamilyIntegrationTest_Roo_IntegrationTest.ajc$interMethod$net_opentemperament_entities_FamilyIntegrationTest_Roo_IntegrationTest$net_opentemperament_entities_FamilyIntegrationTest$testPersist(FamilyIntegrationTest_Roo_IntegrationTest.aj:94)
	at net.opentemperament.entities.FamilyIntegrationTest.testPersist(FamilyIntegrationTest.java:1)
	at sun.reflect.NativeMethodAccessorImpl.invoke0(Native Method)
	at sun.reflect.NativeMethodAccessorImpl.invoke(NativeMethodAccessorImpl.java:39)
	at sun.reflect.DelegatingMethodAccessorImpl.invoke(DelegatingMethodAccessorImpl.java:25)
	at java.lang.reflect.Method.invoke(Method.java:597)
	at org.junit.runners.model.FrameworkMethod$1.runReflectiveCall(FrameworkMethod.java:44)
	at org.junit.internal.runners.model.ReflectiveCallable.run(ReflectiveCallable.java:15)
	at org.junit.runners.model.FrameworkMethod.invokeExplosively(FrameworkMethod.java:41)
	at org.junit.internal.runners.statements.InvokeMethod.evaluate(InvokeMethod.java:20)
	at org.springframework.test.context.junit4.statements.RunBeforeTestMethodCallbacks.evaluate(RunBeforeTestMethodCallbacks.java:74)
	at org.springframework.test.context.junit4.statements.RunAfterTestMethodCallbacks.evaluate(RunAfterTestMethodCallbacks.java:82)
	at org.springframework.test.context.junit4.statements.SpringRepeat.evaluate(SpringRepeat.java:72)
	at org.springframework.test.context.junit4.SpringJUnit4ClassRunner.runChild(SpringJUnit4ClassRunner.java:240)
	at org.junit.runners.BlockJUnit4ClassRunner.runChild(BlockJUnit4ClassRunner.java:50)
	at org.junit.runners.ParentRunner$3.run(ParentRunner.java:193)
	at org.junit.runners.ParentRunner$1.schedule(ParentRunner.java:52)
	at org.junit.runners.ParentRunner.runChildren(ParentRunner.java:191)
	at org.junit.runners.ParentRunner.access$000(ParentRunner.java:42)
	at org.junit.runners.ParentRunner$2.evaluate(ParentRunner.java:184)
	at org.springframework.test.context.junit4.statements.RunBeforeTestClassCallbacks.evaluate(RunBeforeTestClassCallbacks.java:61)
	at org.springframework.test.context.junit4.statements.RunAfterTestClassCallbacks.evaluate(RunAfterTestClassCallbacks.java:70)
	at org.junit.runners.ParentRunner.run(ParentRunner.java:236)
	at org.springframework.test.context.junit4.SpringJUnit4ClassRunner.run(SpringJUnit4ClassRunner.java:180)
	at org.apache.maven.surefire.junit4.JUnit4TestSet.execute(JUnit4TestSet.java:59)
	at org.apache.maven.surefire.suite.AbstractDirectoryTestSuite.executeTestSet(AbstractDirectoryTestSuite.java:115)
	at org.apache.maven.surefire.suite.AbstractDirectoryTestSuite.execute(AbstractDirectoryTestSuite.java:102)
	at org.apache.maven.surefire.Surefire.run(Surefire.java:180)
	at sun.reflect.NativeMethodAccessorImpl.invoke0(Native Method)
	at sun.reflect.NativeMethodAccessorImpl.invoke(NativeMethodAccessorImpl.java:39)
	at sun.reflect.DelegatingMethodAccessorImpl.invoke(DelegatingMethodAccessorImpl.java:25)
	at java.lang.reflect.Method.invoke(Method.java:597)
	at org.apache.maven.surefire.booter.SurefireBooter.runSuitesInProcess(SurefireBooter.java:350)
	at org.apache.maven.surefire.booter.SurefireBooter.main(SurefireBooter.java:1021)
Caused by: &amp;lt;openjpa-2.0.0-r422266:935683 nonfatal user error&amp;gt; org.apache.openjpa.persistence.ArgumentException: An error occurred while parsing the query filter &quot;select o from Family o&quot;. Error message: The name &quot;Family&quot; is not a recognized entity or identifier. Known entity names: []
	at org.apache.openjpa.kernel.exps.AbstractExpressionBuilder.parseException(AbstractExpressionBuilder.java:119)
	at org.apache.openjpa.kernel.jpql.JPQLExpressionBuilder.getClassMetaData(JPQLExpressionBuilder.java:197)
	at org.apache.openjpa.kernel.jpql.JPQLExpressionBuilder.resolveClassMetaData(JPQLExpressionBuilder.java:167)
	at org.apache.openjpa.kernel.jpql.JPQLExpressionBuilder.getCandidateMetaData(JPQLExpressionBuilder.java:242)
	at org.apache.openjpa.kernel.jpql.JPQLExpressionBuilder.getCandidateMetaData(JPQLExpressionBuilder.java:212)
	at org.apache.openjpa.kernel.jpql.JPQLExpressionBuilder.getCandidateType(JPQLExpressionBuilder.java:205)
	at org.apache.openjpa.kernel.jpql.JPQLExpressionBuilder.access$200(JPQLExpressionBuilder.java:81)
	at org.apache.openjpa.kernel.jpql.JPQLExpressionBuilder$ParsedJPQL.populate(JPQLExpressionBuilder.java:2387)
	at org.apache.openjpa.kernel.jpql.JPQLParser.populate(JPQLParser.java:61)
	at org.apache.openjpa.kernel.ExpressionStoreQuery.populateFromCompilation(ExpressionStoreQuery.java:154)
	at org.apache.openjpa.kernel.QueryImpl.newCompilation(QueryImpl.java:671)
	at org.apache.openjpa.kernel.QueryImpl.compilationFromCache(QueryImpl.java:652)
	at org.apache.openjpa.kernel.QueryImpl.compileForCompilation(QueryImpl.java:618)
	at org.apache.openjpa.kernel.QueryImpl.compileForExecutor(QueryImpl.java:680)
	at org.apache.openjpa.kernel.QueryImpl.compile(QueryImpl.java:587)
	at org.apache.openjpa.persistence.EntityManagerImpl.createQuery(EntityManagerImpl.java:985)
	at org.apache.openjpa.persistence.EntityManagerImpl.createQuery(EntityManagerImpl.java:971)
	at org.apache.openjpa.persistence.EntityManagerImpl.createQuery(EntityManagerImpl.java:100)
	at sun.reflect.NativeMethodAccessorImpl.invoke0(Native Method)
	at sun.reflect.NativeMethodAccessorImpl.invoke(NativeMethodAccessorImpl.java:39)
	at sun.reflect.DelegatingMethodAccessorImpl.invoke(DelegatingMethodAccessorImpl.java:25)
	at java.lang.reflect.Method.invoke(Method.java:597)
	at org.springframework.orm.jpa.SharedEntityManagerCreator$SharedEntityManagerInvocationHandler.invoke(SharedEntityManagerCreator.java:240)
	at $Proxy28.createQuery(Unknown Source)
	... 44 more
testRemove(net.opentemperament.entities.FamilyIntegrationTest)  Time elapsed: 0.005 sec  &amp;lt;&amp;lt;&amp;lt; ERROR!
org.springframework.dao.InvalidDataAccessApiUsageException: An error occurred while parsing the query filter &quot;select o from Family o&quot;. Error message: The name &quot;Family&quot; is not a recognized entity or identifier. Known entity names: []; nested exception is &amp;lt;openjpa-2.0.0-r422266:935683 nonfatal user error&amp;gt; org.apache.openjpa.persistence.ArgumentException: An error occurred while parsing the query filter &quot;select o from Family o&quot;. Error message: The name &quot;Family&quot; is not a recognized entity or identifier. Known entity names: []
	at org.springframework.orm.jpa.EntityManagerFactoryUtils.convertJpaAccessExceptionIfPossible(EntityManagerFactoryUtils.java:286)
	at org.springframework.orm.jpa.aspectj.JpaExceptionTranslatorAspect.ajc$afterThrowing$org_springframework_orm_jpa_aspectj_JpaExceptionTranslatorAspect$1$18a1ac9(JpaExceptionTranslatorAspect.aj:15)
	at net.opentemperament.entities.Family_Roo_Entity.findFamilyEntries_aroundBody8(Family_Roo_Entity.aj:103)
	at net.opentemperament.entities.Family_Roo_Entity.ajc$interMethod$net_opentemperament_entities_Family_Roo_Entity$net_opentemperament_entities_Family$findFamilyEntries(Family_Roo_Entity.aj:1)
	at net.opentemperament.entities.Family.findFamilyEntries(Family.java:1)
	at net.opentemperament.entities.Family_Roo_Entity.ajc$interMethodDispatch1$net_opentemperament_entities_Family_Roo_Entity$net_opentemperament_entities_Family$findFamilyEntries(Family_Roo_Entity.aj)
	at net.opentemperament.entities.FamilyDataOnDemand_Roo_DataOnDemand.ajc$interMethod$net_opentemperament_entities_FamilyDataOnDemand_Roo_DataOnDemand$net_opentemperament_entities_FamilyDataOnDemand$init(FamilyDataOnDemand_Roo_DataOnDemand.aj:51)
	at net.opentemperament.entities.FamilyDataOnDemand.init(FamilyDataOnDemand.java:1)
	at net.opentemperament.entities.FamilyDataOnDemand_Roo_DataOnDemand.ajc$interMethodDispatch1$net_opentemperament_entities_FamilyDataOnDemand_Roo_DataOnDemand$net_opentemperament_entities_FamilyDataOnDemand$init(FamilyDataOnDemand_Roo_DataOnDemand.aj)
	at net.opentemperament.entities.FamilyDataOnDemand_Roo_DataOnDemand.ajc$interMethod$net_opentemperament_entities_FamilyDataOnDemand_Roo_DataOnDemand$net_opentemperament_entities_FamilyDataOnDemand$getRandomFamily(FamilyDataOnDemand_Roo_DataOnDemand.aj:36)
	at net.opentemperament.entities.FamilyDataOnDemand.getRandomFamily(FamilyDataOnDemand.java:1)
	at net.opentemperament.entities.FamilyDataOnDemand_Roo_DataOnDemand.ajc$interMethodDispatch1$net_opentemperament_entities_FamilyDataOnDemand_Roo_DataOnDemand$net_opentemperament_entities_FamilyDataOnDemand$getRandomFamily(FamilyDataOnDemand_Roo_DataOnDemand.aj)
	at net.opentemperament.entities.FamilyIntegrationTest_Roo_IntegrationTest.ajc$interMethod$net_opentemperament_entities_FamilyIntegrationTest_Roo_IntegrationTest$net_opentemperament_entities_FamilyIntegrationTest$testRemove(FamilyIntegrationTest_Roo_IntegrationTest.aj:106)
	at net.opentemperament.entities.FamilyIntegrationTest.testRemove(FamilyIntegrationTest.java:1)
	at sun.reflect.NativeMethodAccessorImpl.invoke0(Native Method)
	at sun.reflect.NativeMethodAccessorImpl.invoke(NativeMethodAccessorImpl.java:39)
	at sun.reflect.DelegatingMethodAccessorImpl.invoke(DelegatingMethodAccessorImpl.java:25)
	at java.lang.reflect.Method.invoke(Method.java:597)
	at org.junit.runners.model.FrameworkMethod$1.runReflectiveCall(FrameworkMethod.java:44)
	at org.junit.internal.runners.model.ReflectiveCallable.run(ReflectiveCallable.java:15)
	at org.junit.runners.model.FrameworkMethod.invokeExplosively(FrameworkMethod.java:41)
	at org.junit.internal.runners.statements.InvokeMethod.evaluate(InvokeMethod.java:20)
	at org.springframework.test.context.junit4.statements.RunBeforeTestMethodCallbacks.evaluate(RunBeforeTestMethodCallbacks.java:74)
	at org.springframework.test.context.junit4.statements.RunAfterTestMethodCallbacks.evaluate(RunAfterTestMethodCallbacks.java:82)
	at org.springframework.test.context.junit4.statements.SpringRepeat.evaluate(SpringRepeat.java:72)
	at org.springframework.test.context.junit4.SpringJUnit4ClassRunner.runChild(SpringJUnit4ClassRunner.java:240)
	at org.junit.runners.BlockJUnit4ClassRunner.runChild(BlockJUnit4ClassRunner.java:50)
	at org.junit.runners.ParentRunner$3.run(ParentRunner.java:193)
	at org.junit.runners.ParentRunner$1.schedule(ParentRunner.java:52)
	at org.junit.runners.ParentRunner.runChildren(ParentRunner.java:191)
	at org.junit.runners.ParentRunner.access$000(ParentRunner.java:42)
	at org.junit.runners.ParentRunner$2.evaluate(ParentRunner.java:184)
	at org.springframework.test.context.junit4.statements.RunBeforeTestClassCallbacks.evaluate(RunBeforeTestClassCallbacks.java:61)
	at org.springframework.test.context.junit4.statements.RunAfterTestClassCallbacks.evaluate(RunAfterTestClassCallbacks.java:70)
	at org.junit.runners.ParentRunner.run(ParentRunner.java:236)
	at org.springframework.test.context.junit4.SpringJUnit4ClassRunner.run(SpringJUnit4ClassRunner.java:180)
	at org.apache.maven.surefire.junit4.JUnit4TestSet.execute(JUnit4TestSet.java:59)
	at org.apache.maven.surefire.suite.AbstractDirectoryTestSuite.executeTestSet(AbstractDirectoryTestSuite.java:115)
	at org.apache.maven.surefire.suite.AbstractDirectoryTestSuite.execute(AbstractDirectoryTestSuite.java:102)
	at org.apache.maven.surefire.Surefire.run(Surefire.java:180)
	at sun.reflect.NativeMethodAccessorImpl.invoke0(Native Method)
	at sun.reflect.NativeMethodAccessorImpl.invoke(NativeMethodAccessorImpl.java:39)
	at sun.reflect.DelegatingMethodAccessorImpl.invoke(DelegatingMethodAccessorImpl.java:25)
	at java.lang.reflect.Method.invoke(Method.java:597)
	at org.apache.maven.surefire.booter.SurefireBooter.runSuitesInProcess(SurefireBooter.java:350)
	at org.apache.maven.surefire.booter.SurefireBooter.main(SurefireBooter.java:1021)
Caused by: &amp;lt;openjpa-2.0.0-r422266:935683 nonfatal user error&amp;gt; org.apache.openjpa.persistence.ArgumentException: An error occurred while parsing the query filter &quot;select o from Family o&quot;. Error message: The name &quot;Family&quot; is not a recognized entity or identifier. Known entity names: []
	at org.apache.openjpa.kernel.exps.AbstractExpressionBuilder.parseException(AbstractExpressionBuilder.java:119)
	at org.apache.openjpa.kernel.jpql.JPQLExpressionBuilder.getClassMetaData(JPQLExpressionBuilder.java:197)
	at org.apache.openjpa.kernel.jpql.JPQLExpressionBuilder.resolveClassMetaData(JPQLExpressionBuilder.java:167)
	at org.apache.openjpa.kernel.jpql.JPQLExpressionBuilder.getCandidateMetaData(JPQLExpressionBuilder.java:242)
	at org.apache.openjpa.kernel.jpql.JPQLExpressionBuilder.getCandidateMetaData(JPQLExpressionBuilder.java:212)
	at org.apache.openjpa.kernel.jpql.JPQLExpressionBuilder.getCandidateType(JPQLExpressionBuilder.java:205)
	at org.apache.openjpa.kernel.jpql.JPQLExpressionBuilder.access$200(JPQLExpressionBuilder.java:81)
	at org.apache.openjpa.kernel.jpql.JPQLExpressionBuilder$ParsedJPQL.populate(JPQLExpressionBuilder.java:2387)
	at org.apache.openjpa.kernel.jpql.JPQLParser.populate(JPQLParser.java:61)
	at org.apache.openjpa.kernel.ExpressionStoreQuery.populateFromCompilation(ExpressionStoreQuery.java:154)
	at org.apache.openjpa.kernel.QueryImpl.newCompilation(QueryImpl.java:671)
	at org.apache.openjpa.kernel.QueryImpl.compilationFromCache(QueryImpl.java:652)
	at org.apache.openjpa.kernel.QueryImpl.compileForCompilation(QueryImpl.java:618)
	at org.apache.openjpa.kernel.QueryImpl.compileForExecutor(QueryImpl.java:680)
	at org.apache.openjpa.kernel.QueryImpl.compile(QueryImpl.java:587)
	at org.apache.openjpa.persistence.EntityManagerImpl.createQuery(EntityManagerImpl.java:985)
	at org.apache.openjpa.persistence.EntityManagerImpl.createQuery(EntityManagerImpl.java:971)
	at org.apache.openjpa.persistence.EntityManagerImpl.createQuery(EntityManagerImpl.java:100)
	at sun.reflect.NativeMethodAccessorImpl.invoke0(Native Method)
	at sun.reflect.NativeMethodAccessorImpl.invoke(NativeMethodAccessorImpl.java:39)
	at sun.reflect.DelegatingMethodAccessorImpl.invoke(DelegatingMethodAccessorImpl.java:25)
	at java.lang.reflect.Method.invoke(Method.java:597)
	at org.springframework.orm.jpa.SharedEntityManagerCreator$SharedEntityManagerInvocationHandler.invoke(SharedEntityManagerCreator.java:240)
	at $Proxy28.createQuery(Unknown Source)
	... 44 more
</description>
			
			
			<version>1.1.0.M3</version>
			
			
			<fixedVersion>1.1.0.RELEASE</fixedVersion>
			
			
			<type>Bug</type>
			
		
		</buginformation>
		
		
		<fixedFiles>
			
			
			<file type="M">org.springframework.roo.addon.dod.DataOnDemandMetadata.java</file>
			
			
			<file type="M">org.springframework.roo.addon.dod.DataOnDemandMetadataProvider.java</file>
			
			
			<file type="M">org.springframework.roo.addon.jpa.JdbcDatabase.java</file>
			
		
		</fixedFiles>
		
	
	</bug>
	<bug fixdate="2010-10-19 20:04:51" id="1599" opendate="2010-10-19 19:55:38" resolution="Complete">
		
		
		<buginformation>
			
			
			<summary>IllegalStateException when using CTRL+C to shutdown Roo</summary>
			
			
			<description>Using CTRL+C to shutdown Roo gives an illegal state exception:






java.lang.IllegalStateException: Shutdown in progress




	at java.lang.ApplicationShutdownHooks.add(ApplicationShutdownHooks.java:39)




	at java.lang.Runtime.addShutdownHook(Runtime.java:192)




	at jline.UnixTerminal.initializeTerminal(UnixTerminal.java:97)




	at jline.Terminal.setupTerminal(Terminal.java:75)




	at jline.ConsoleReader.getTermwidth(ConsoleReader.java:334)




	at org.springframework.roo.shell.jline.JLineShell.doAnsiFlash(JLineShell.java:316)




	at org.springframework.roo.shell.jline.JLineShell.flash(JLineShell.java:285)




	at org.springframework.roo.shell.osgi.AbstractFlashingObject.flash(AbstractFlashingObject.java:80)




	at org.springframework.roo.felix.JdkDelegatingLogListener.logNow(JdkDelegatingLogListener.java:75)




	at org.springframework.roo.felix.JdkDelegatingLogListener.logged(JdkDelegatingLogListener.java:54)




	at org.apache.felix.log.LogListenerThread.run(LogListenerThread.java:113)





</description>
			
			
			<version>1.1.0.M3</version>
			
			
			<fixedVersion>1.1.0.RELEASE</fixedVersion>
			
			
			<type>Bug</type>
			
		
		</buginformation>
		
		
		<fixedFiles>
			
			
			<file type="M">org.springframework.roo.shell.jline.JLineShell.java</file>
			
		
		</fixedFiles>
		
	
	</bug>
	<bug fixdate="2011-02-12 18:55:46" id="1381" opendate="2010-09-09 22:19:44" resolution="Duplicate">
		
		
		<buginformation>
			
			
			<summary>ProjectMetadata should be able handle snapshot=true for repositories</summary>
			
			
			<description/>
			
			
			<version>1.1.0.M3</version>
			
			
			<fixedVersion>1.1.2.RELEASE</fixedVersion>
			
			
			<type>Improvement</type>
			
		
		</buginformation>
		
		
		<fixedFiles>
			
			
			<file type="M">org.springframework.roo.addon.maven.MavenProjectMetadataProvider.java</file>
			
		
		</fixedFiles>
		
		
		<links>
			
			
			<link description="duplicates" type="Duplicate">2110</link>
			
		
		</links>
		
	
	</bug>
</bugrepository>
